
*** Running vivado
    with args -log Lab7MicroBlaze_dlmb_v10_1.vds -m64 -product Vivado -mode batch -messageDb vivado.pb -notrace -source Lab7MicroBlaze_dlmb_v10_1.tcl



****** Vivado v2022.2 (64-bit)
  **** SW Build 3671981 on Fri Oct 14 05:00:03 MDT 2022
  **** IP Build 3669848 on Fri Oct 14 08:30:02 MDT 2022
    ** Copyright 1986-2022 Xilinx, Inc. All Rights Reserved.

source Lab7MicroBlaze_dlmb_v10_1.tcl -notrace
create_project: Time (s): cpu = 00:00:08 ; elapsed = 00:00:09 . Memory (MB): peak = 373.320 ; gain = 66.371
INFO: [IP_Flow 19-234] Refreshing IP repositories
INFO: [IP_Flow 19-1700] Loaded user IP repository 'c:/Users/merli/ECE385Lab7.1/ip_repo/hdmi_text_controller_1_0'.
INFO: [IP_Flow 19-2313] Loaded Vivado IP repository 'C:/Xilinx/Vivado/2022.2/data/ip'.
INFO: [IP_Flow 19-6924] IPCACHE: Running cache check for IP inst: Lab7MicroBlaze_dlmb_v10_1
Command: synth_design -top Lab7MicroBlaze_dlmb_v10_1 -part xc7s50csga324-1 -incremental_mode off -mode out_of_context
Starting synth_design
Attempting to get a license for feature 'Synthesis' and/or device 'xc7s50'
INFO: [Common 17-349] Got license for feature 'Synthesis' and/or device 'xc7s50'
INFO: [Device 21-403] Loading part xc7s50csga324-1
INFO: [Synth 8-7079] Multithreading enabled for synth_design using a maximum of 2 processes.
INFO: [Synth 8-7078] Launching helper process for spawning children vivado processes
INFO: [Synth 8-7075] Helper process launched with PID 34112
INFO: [Synth 8-11241] undeclared symbol 'REGCCE', assumed default net type 'wire' [C:/Xilinx/Vivado/2022.2/data/verilog/src/unimacro/BRAM_SINGLE_MACRO.v:2170]
---------------------------------------------------------------------------------
Starting RTL Elaboration : Time (s): cpu = 00:00:14 ; elapsed = 00:00:17 . Memory (MB): peak = 1185.660 ; gain = 408.070
---------------------------------------------------------------------------------
INFO: [Synth 8-638] synthesizing module 'Lab7MicroBlaze_dlmb_v10_1' [c:/Users/merli/ECE385Lab7.1/ECE385_Lab7.1/ECE385_Lab7.1.gen/sources_1/bd/Lab7MicroBlaze/ip/Lab7MicroBlaze_dlmb_v10_1/synth/Lab7MicroBlaze_dlmb_v10_1.vhd:89]
	Parameter C_LMB_NUM_SLAVES bound to: 1 - type: integer 
	Parameter C_LMB_DWIDTH bound to: 32 - type: integer 
	Parameter C_LMB_AWIDTH bound to: 32 - type: integer 
	Parameter C_LMB_PROTOCOL bound to: 0 - type: integer 
	Parameter C_EXT_RESET_HIGH bound to: 1 - type: integer 
INFO: [Synth 8-3491] module 'lmb_v10' declared at 'c:/Users/merli/ECE385Lab7.1/ECE385_Lab7.1/ECE385_Lab7.1.gen/sources_1/bd/Lab7MicroBlaze/ipshared/cd1d/hdl/lmb_v10_v3_0_vh_rfs.vhd:92' bound to instance 'U0' of component 'lmb_v10' [c:/Users/merli/ECE385Lab7.1/ECE385_Lab7.1/ECE385_Lab7.1.gen/sources_1/bd/Lab7MicroBlaze/ip/Lab7MicroBlaze_dlmb_v10_1/synth/Lab7MicroBlaze_dlmb_v10_1.vhd:165]
INFO: [Synth 8-638] synthesizing module 'lmb_v10' [c:/Users/merli/ECE385Lab7.1/ECE385_Lab7.1/ECE385_Lab7.1.gen/sources_1/bd/Lab7MicroBlaze/ipshared/cd1d/hdl/lmb_v10_v3_0_vh_rfs.vhd:141]
INFO: [Synth 8-3491] module 'FDS' declared at 'C:/Xilinx/Vivado/2022.2/scripts/rt/data/unisim_comp.v:38831' bound to instance 'POR_FF_I' of component 'FDS' [c:/Users/merli/ECE385Lab7.1/ECE385_Lab7.1/ECE385_Lab7.1.gen/sources_1/bd/Lab7MicroBlaze/ipshared/cd1d/hdl/lmb_v10_v3_0_vh_rfs.vhd:171]
INFO: [Synth 8-6157] synthesizing module 'FDS' [C:/Xilinx/Vivado/2022.2/scripts/rt/data/unisim_comp.v:38831]
INFO: [Synth 8-6155] done synthesizing module 'FDS' (0#1) [C:/Xilinx/Vivado/2022.2/scripts/rt/data/unisim_comp.v:38831]
INFO: [Synth 8-256] done synthesizing module 'lmb_v10' (0#1) [c:/Users/merli/ECE385Lab7.1/ECE385_Lab7.1/ECE385_Lab7.1.gen/sources_1/bd/Lab7MicroBlaze/ipshared/cd1d/hdl/lmb_v10_v3_0_vh_rfs.vhd:141]
INFO: [Synth 8-256] done synthesizing module 'Lab7MicroBlaze_dlmb_v10_1' (0#1) [c:/Users/merli/ECE385Lab7.1/ECE385_Lab7.1/ECE385_Lab7.1.gen/sources_1/bd/Lab7MicroBlaze/ip/Lab7MicroBlaze_dlmb_v10_1/synth/Lab7MicroBlaze_dlmb_v10_1.vhd:89]
---------------------------------------------------------------------------------
Finished RTL Elaboration : Time (s): cpu = 00:00:18 ; elapsed = 00:00:23 . Memory (MB): peak = 1279.148 ; gain = 501.559
---------------------------------------------------------------------------------
---------------------------------------------------------------------------------
Start Handling Custom Attributes
---------------------------------------------------------------------------------
---------------------------------------------------------------------------------
Finished Handling Custom Attributes : Time (s): cpu = 00:00:18 ; elapsed = 00:00:23 . Memory (MB): peak = 1279.148 ; gain = 501.559
---------------------------------------------------------------------------------
---------------------------------------------------------------------------------
Finished RTL Optimization Phase 1 : Time (s): cpu = 00:00:18 ; elapsed = 00:00:23 . Memory (MB): peak = 1279.148 ; gain = 501.559
---------------------------------------------------------------------------------
Netlist sorting complete. Time (s): cpu = 00:00:00 ; elapsed = 00:00:00.009 . Memory (MB): peak = 1279.148 ; gain = 0.000
INFO: [Netlist 29-17] Analyzing 1 Unisim elements for replacement
INFO: [Netlist 29-28] Unisim Transformation completed in 0 CPU seconds
INFO: [Project 1-570] Preparing netlist for logic optimization

Processing XDC Constraints
Initializing timing engine
Parsing XDC File [c:/Users/merli/ECE385Lab7.1/ECE385_Lab7.1/ECE385_Lab7.1.gen/sources_1/bd/Lab7MicroBlaze/ip/Lab7MicroBlaze_dlmb_v10_1/Lab7MicroBlaze_dlmb_v10_1_ooc.xdc] for cell 'U0'
Finished Parsing XDC File [c:/Users/merli/ECE385Lab7.1/ECE385_Lab7.1/ECE385_Lab7.1.gen/sources_1/bd/Lab7MicroBlaze/ip/Lab7MicroBlaze_dlmb_v10_1/Lab7MicroBlaze_dlmb_v10_1_ooc.xdc] for cell 'U0'
Parsing XDC File [C:/Users/merli/ECE385Lab7.1/ECE385_Lab7.1/ECE385_Lab7.1.runs/Lab7MicroBlaze_dlmb_v10_1_synth_1/dont_touch.xdc]
Finished Parsing XDC File [C:/Users/merli/ECE385Lab7.1/ECE385_Lab7.1/ECE385_Lab7.1.runs/Lab7MicroBlaze_dlmb_v10_1_synth_1/dont_touch.xdc]
Completed Processing XDC Constraints

Netlist sorting complete. Time (s): cpu = 00:00:00 ; elapsed = 00:00:00 . Memory (MB): peak = 1279.148 ; gain = 0.000
INFO: [Project 1-111] Unisim Transformation Summary:
  A total of 1 instances were transformed.
  FDS => FDSE: 1 instance 

Constraint Validation Runtime : Time (s): cpu = 00:00:00 ; elapsed = 00:00:00.073 . Memory (MB): peak = 1279.148 ; gain = 0.000
INFO: [Designutils 20-5008] Incremental synthesis strategy off
INFO: [Synth 8-11241] undeclared symbol 'REGCCE', assumed default net type 'wire' [C:/Xilinx/Vivado/2022.2/data/verilog/src/unimacro/BRAM_SINGLE_MACRO.v:2170]
---------------------------------------------------------------------------------
Finished Constraint Validation : Time (s): cpu = 00:00:34 ; elapsed = 00:00:44 . Memory (MB): peak = 1279.148 ; gain = 501.559
---------------------------------------------------------------------------------
---------------------------------------------------------------------------------
Start Loading Part and Timing Information
---------------------------------------------------------------------------------
Loading part: xc7s50csga324-1
---------------------------------------------------------------------------------
Finished Loading Part and Timing Information : Time (s): cpu = 00:00:34 ; elapsed = 00:00:44 . Memory (MB): peak = 1279.148 ; gain = 501.559
---------------------------------------------------------------------------------
---------------------------------------------------------------------------------
Start Applying 'set_property' XDC Constraints
---------------------------------------------------------------------------------
Applied set_property KEEP_HIERARCHY = SOFT for U0. (constraint file  C:/Users/merli/ECE385Lab7.1/ECE385_Lab7.1/ECE385_Lab7.1.runs/Lab7MicroBlaze_dlmb_v10_1_synth_1/dont_touch.xdc, line 9).
---------------------------------------------------------------------------------
Finished applying 'set_property' XDC Constraints : Time (s): cpu = 00:00:34 ; elapsed = 00:00:44 . Memory (MB): peak = 1279.148 ; gain = 501.559
---------------------------------------------------------------------------------
---------------------------------------------------------------------------------
Finished RTL Optimization Phase 2 : Time (s): cpu = 00:00:35 ; elapsed = 00:00:44 . Memory (MB): peak = 1279.148 ; gain = 501.559
---------------------------------------------------------------------------------
---------------------------------------------------------------------------------
Start RTL Component Statistics 
---------------------------------------------------------------------------------
Detailed RTL Component Info : 
---------------------------------------------------------------------------------
Finished RTL Component Statistics 
---------------------------------------------------------------------------------
---------------------------------------------------------------------------------
Start Part Resource Summary
---------------------------------------------------------------------------------
Part Resources:
DSPs: 120 (col length:60)
BRAMs: 150 (col length: RAMB18 60 RAMB36 30)
---------------------------------------------------------------------------------
Finished Part Resource Summary
---------------------------------------------------------------------------------
---------------------------------------------------------------------------------
Start Cross Boundary and Area Optimization
---------------------------------------------------------------------------------
WARNING: [Synth 8-7080] Parallel synthesis criteria is not met
---------------------------------------------------------------------------------
Finished Cross Boundary and Area Optimization : Time (s): cpu = 00:00:39 ; elapsed = 00:00:48 . Memory (MB): peak = 1279.148 ; gain = 501.559
---------------------------------------------------------------------------------
---------------------------------------------------------------------------------
Start Applying XDC Timing Constraints
---------------------------------------------------------------------------------
---------------------------------------------------------------------------------
Finished Applying XDC Timing Constraints : Time (s): cpu = 00:00:50 ; elapsed = 00:00:59 . Memory (MB): peak = 1279.148 ; gain = 501.559
---------------------------------------------------------------------------------
---------------------------------------------------------------------------------
Start Timing Optimization
---------------------------------------------------------------------------------
---------------------------------------------------------------------------------
Finished Timing Optimization : Time (s): cpu = 00:00:50 ; elapsed = 00:00:59 . Memory (MB): peak = 1279.148 ; gain = 501.559
---------------------------------------------------------------------------------
---------------------------------------------------------------------------------
Start Technology Mapping
---------------------------------------------------------------------------------
---------------------------------------------------------------------------------
Finished Technology Mapping : Time (s): cpu = 00:00:50 ; elapsed = 00:01:00 . Memory (MB): peak = 1279.148 ; gain = 501.559
---------------------------------------------------------------------------------
---------------------------------------------------------------------------------
Start IO Insertion
---------------------------------------------------------------------------------
---------------------------------------------------------------------------------
Start Flattening Before IO Insertion
---------------------------------------------------------------------------------
---------------------------------------------------------------------------------
Finished Flattening Before IO Insertion
---------------------------------------------------------------------------------
---------------------------------------------------------------------------------
Start Final Netlist Cleanup
---------------------------------------------------------------------------------
---------------------------------------------------------------------------------
Finished Final Netlist Cleanup
---------------------------------------------------------------------------------
---------------------------------------------------------------------------------
Finished IO Insertion : Time (s): cpu = 00:01:00 ; elapsed = 00:01:09 . Memory (MB): peak = 1280.777 ; gain = 503.188
---------------------------------------------------------------------------------
---------------------------------------------------------------------------------
Start Renaming Generated Instances
---------------------------------------------------------------------------------
---------------------------------------------------------------------------------
Finished Renaming Generated Instances : Time (s): cpu = 00:01:00 ; elapsed = 00:01:09 . Memory (MB): peak = 1280.777 ; gain = 503.188
---------------------------------------------------------------------------------
---------------------------------------------------------------------------------
Start Rebuilding User Hierarchy
---------------------------------------------------------------------------------
---------------------------------------------------------------------------------
Finished Rebuilding User Hierarchy : Time (s): cpu = 00:01:00 ; elapsed = 00:01:09 . Memory (MB): peak = 1280.777 ; gain = 503.188
---------------------------------------------------------------------------------
---------------------------------------------------------------------------------
Start Renaming Generated Ports
---------------------------------------------------------------------------------
---------------------------------------------------------------------------------
Finished Renaming Generated Ports : Time (s): cpu = 00:01:00 ; elapsed = 00:01:09 . Memory (MB): peak = 1280.777 ; gain = 503.188
---------------------------------------------------------------------------------
---------------------------------------------------------------------------------
Start Handling Custom Attributes
---------------------------------------------------------------------------------
---------------------------------------------------------------------------------
Finished Handling Custom Attributes : Time (s): cpu = 00:01:00 ; elapsed = 00:01:10 . Memory (MB): peak = 1280.777 ; gain = 503.188
---------------------------------------------------------------------------------
---------------------------------------------------------------------------------
Start Renaming Generated Nets
---------------------------------------------------------------------------------
---------------------------------------------------------------------------------
Finished Renaming Generated Nets : Time (s): cpu = 00:01:00 ; elapsed = 00:01:10 . Memory (MB): peak = 1280.777 ; gain = 503.188
---------------------------------------------------------------------------------
---------------------------------------------------------------------------------
Start Writing Synthesis Report
---------------------------------------------------------------------------------

Report BlackBoxes: 
+-+--------------+----------+
| |BlackBox name |Instances |
+-+--------------+----------+
+-+--------------+----------+

Report Cell Usage: 
+------+-----+------+
|      |Cell |Count |
+------+-----+------+
|1     |FDS  |     1|
+------+-----+------+
---------------------------------------------------------------------------------
Finished Writing Synthesis Report : Time (s): cpu = 00:01:00 ; elapsed = 00:01:10 . Memory (MB): peak = 1280.777 ; gain = 503.188
---------------------------------------------------------------------------------
Synthesis finished with 0 errors, 0 critical warnings and 1 warnings.
Synthesis Optimization Runtime : Time (s): cpu = 00:00:38 ; elapsed = 00:01:04 . Memory (MB): peak = 1280.777 ; gain = 503.188
Synthesis Optimization Complete : Time (s): cpu = 00:01:00 ; elapsed = 00:01:10 . Memory (MB): peak = 1280.777 ; gain = 503.188
INFO: [Project 1-571] Translating synthesized netlist
Netlist sorting complete. Time (s): cpu = 00:00:00 ; elapsed = 00:00:00.007 . Memory (MB): peak = 1280.777 ; gain = 0.000
INFO: [Netlist 29-17] Analyzing 1 Unisim elements for replacement
INFO: [Netlist 29-28] Unisim Transformation completed in 0 CPU seconds
INFO: [Project 1-570] Preparing netlist for logic optimization
INFO: [Opt 31-138] Pushed 0 inverter(s) to 0 load pin(s).
Netlist sorting complete. Time (s): cpu = 00:00:00 ; elapsed = 00:00:00 . Memory (MB): peak = 1302.871 ; gain = 0.000
INFO: [Project 1-111] Unisim Transformation Summary:
  A total of 1 instances were transformed.
  FDS => FDSE: 1 instance 

Synth Design complete, checksum: 441269c3
INFO: [Common 17-83] Releasing license: Synthesis
31 Infos, 1 Warnings, 0 Critical Warnings and 0 Errors encountered.
synth_design completed successfully
synth_design: Time (s): cpu = 00:01:09 ; elapsed = 00:01:20 . Memory (MB): peak = 1302.871 ; gain = 898.609
INFO: [Common 17-1381] The checkpoint 'C:/Users/merli/ECE385Lab7.1/ECE385_Lab7.1/ECE385_Lab7.1.runs/Lab7MicroBlaze_dlmb_v10_1_synth_1/Lab7MicroBlaze_dlmb_v10_1.dcp' has been generated.
INFO: [Coretcl 2-1648] Added synthesis output to IP cache for IP Lab7MicroBlaze_dlmb_v10_1, cache-ID = 8b859a7611e3417d
INFO: [Common 17-1381] The checkpoint 'C:/Users/merli/ECE385Lab7.1/ECE385_Lab7.1/ECE385_Lab7.1.runs/Lab7MicroBlaze_dlmb_v10_1_synth_1/Lab7MicroBlaze_dlmb_v10_1.dcp' has been generated.
INFO: [runtcl-4] Executing : report_utilization -file Lab7MicroBlaze_dlmb_v10_1_utilization_synth.rpt -pb Lab7MicroBlaze_dlmb_v10_1_utilization_synth.pb
INFO: [Common 17-206] Exiting Vivado at Wed Mar 27 20:37:02 2024...
