
*** Running vivado
    with args -log hdmi_text_controller_v1_0.vds -m64 -product Vivado -mode batch -messageDb vivado.pb -notrace -source hdmi_text_controller_v1_0.tcl



****** Vivado v2022.2 (64-bit)
  **** SW Build 3671981 on Fri Oct 14 05:00:03 MDT 2022
  **** IP Build 3669848 on Fri Oct 14 08:30:02 MDT 2022
    ** Copyright 1986-2022 Xilinx, Inc. All Rights Reserved.

source hdmi_text_controller_v1_0.tcl -notrace
create_project: Time (s): cpu = 00:00:05 ; elapsed = 00:00:05 . Memory (MB): peak = 372.801 ; gain = 60.312
INFO: [IP_Flow 19-234] Refreshing IP repositories
INFO: [IP_Flow 19-1700] Loaded user IP repository 'c:/Users/merli/ECE385Lab7.1/ip_repo/hdmi_text_controller_1_0'.
INFO: [IP_Flow 19-1700] Loaded user IP repository 'c:/Users/merli/RD_hdmi_ip2020'.
INFO: [IP_Flow 19-2313] Loaded Vivado IP repository 'C:/Xilinx/Vivado/2022.2/data/ip'.
WARNING: [IP_Flow 19-4995] The host OS only allows 260 characters in a normal path. The IP cache path is more than 80 characters. If you experience issues with IP caching, please consider changing the IP cache to a location with a shorter path. Alternately consider using the OS subst command to map part of the path to a drive letter. 
Current IP cache path is c:/users/merli/ece385lab7.1/ece385_lab7.1/ece385_lab7.1.tmp/hdmi_text_controller_v1_0_project/hdmi_text_controller_v1_0_project.cache/ip 
Command: synth_design -top hdmi_text_controller_v1_0 -part xc7s50csga324-1
Starting synth_design
Attempting to get a license for feature 'Synthesis' and/or device 'xc7s50'
INFO: [Common 17-349] Got license for feature 'Synthesis' and/or device 'xc7s50'
INFO: [Device 21-403] Loading part xc7s50csga324-1
INFO: [Synth 8-7079] Multithreading enabled for synth_design using a maximum of 2 processes.
INFO: [Synth 8-7078] Launching helper process for spawning children vivado processes
INFO: [Synth 8-7075] Helper process launched with PID 49676
INFO: [Synth 8-11241] undeclared symbol 'REGCCE', assumed default net type 'wire' [C:/Xilinx/Vivado/2022.2/data/verilog/src/unimacro/BRAM_SINGLE_MACRO.v:2170]
WARNING: [Synth 8-11065] parameter 'CTRLTOKEN0' becomes localparam in 'encode' with formal parameter declaration list [c:/users/merli/ece385lab7.1/ece385_lab7.1/ece385_lab7.1.tmp/hdmi_text_controller_v1_0_project/hdmi_text_controller_v1_0_project.gen/sources_1/ip/hdmi_tx_0/hdl/encode.v:145]
WARNING: [Synth 8-11065] parameter 'CTRLTOKEN1' becomes localparam in 'encode' with formal parameter declaration list [c:/users/merli/ece385lab7.1/ece385_lab7.1/ece385_lab7.1.tmp/hdmi_text_controller_v1_0_project/hdmi_text_controller_v1_0_project.gen/sources_1/ip/hdmi_tx_0/hdl/encode.v:146]
WARNING: [Synth 8-11065] parameter 'CTRLTOKEN2' becomes localparam in 'encode' with formal parameter declaration list [c:/users/merli/ece385lab7.1/ece385_lab7.1/ece385_lab7.1.tmp/hdmi_text_controller_v1_0_project/hdmi_text_controller_v1_0_project.gen/sources_1/ip/hdmi_tx_0/hdl/encode.v:147]
WARNING: [Synth 8-11065] parameter 'CTRLTOKEN3' becomes localparam in 'encode' with formal parameter declaration list [c:/users/merli/ece385lab7.1/ece385_lab7.1/ece385_lab7.1.tmp/hdmi_text_controller_v1_0_project/hdmi_text_controller_v1_0_project.gen/sources_1/ip/hdmi_tx_0/hdl/encode.v:148]
---------------------------------------------------------------------------------
Starting RTL Elaboration : Time (s): cpu = 00:00:10 ; elapsed = 00:00:10 . Memory (MB): peak = 1188.738 ; gain = 407.641
---------------------------------------------------------------------------------
INFO: [Synth 8-6157] synthesizing module 'hdmi_text_controller_v1_0' [c:/Users/merli/ECE385Lab7.1/ip_repo/hdmi_text_controller_1_0/src/hdmi_text_controller_v1_0.sv:9]
INFO: [Synth 8-6157] synthesizing module 'hdmi_text_controller_v1_0_AXI' [c:/Users/merli/ECE385Lab7.1/ip_repo/hdmi_text_controller_1_0/src/hdmi_text_controller_v1_0_AXI.sv:27]
	Parameter C_S_AXI_DATA_WIDTH bound to: 32 - type: integer 
	Parameter C_S_AXI_ADDR_WIDTH bound to: 16 - type: integer 
WARNING: [Synth 8-6104] Input port 'bram_out' has an internal driver [c:/Users/merli/ECE385Lab7.1/ip_repo/hdmi_text_controller_1_0/src/hdmi_text_controller_v1_0_AXI.sv:162]
INFO: [Synth 8-6155] done synthesizing module 'hdmi_text_controller_v1_0_AXI' (0#1) [c:/Users/merli/ECE385Lab7.1/ip_repo/hdmi_text_controller_1_0/src/hdmi_text_controller_v1_0_AXI.sv:27]
INFO: [Synth 8-6157] synthesizing module 'clk_wiz_0' [c:/users/merli/ece385lab7.1/ece385_lab7.1/ece385_lab7.1.tmp/hdmi_text_controller_v1_0_project/hdmi_text_controller_v1_0_project.gen/sources_1/ip/clk_wiz_0/clk_wiz_0.v:69]
INFO: [Synth 8-6157] synthesizing module 'clk_wiz_0_clk_wiz' [c:/users/merli/ece385lab7.1/ece385_lab7.1/ece385_lab7.1.tmp/hdmi_text_controller_v1_0_project/hdmi_text_controller_v1_0_project.gen/sources_1/ip/clk_wiz_0/clk_wiz_0_clk_wiz.v:69]
INFO: [Synth 8-6157] synthesizing module 'MMCME2_ADV' [C:/Xilinx/Vivado/2022.2/scripts/rt/data/unisim_comp.v:79852]
	Parameter BANDWIDTH bound to: OPTIMIZED - type: string 
	Parameter CLKFBOUT_MULT_F bound to: 10.000000 - type: double 
	Parameter CLKFBOUT_PHASE bound to: 0.000000 - type: double 
	Parameter CLKFBOUT_USE_FINE_PS bound to: FALSE - type: string 
	Parameter CLKIN1_PERIOD bound to: 10.000000 - type: double 
	Parameter CLKOUT0_DIVIDE_F bound to: 40.000000 - type: double 
	Parameter CLKOUT0_DUTY_CYCLE bound to: 0.500000 - type: double 
	Parameter CLKOUT0_PHASE bound to: 0.000000 - type: double 
	Parameter CLKOUT0_USE_FINE_PS bound to: FALSE - type: string 
	Parameter CLKOUT1_DIVIDE bound to: 8 - type: integer 
	Parameter CLKOUT1_DUTY_CYCLE bound to: 0.500000 - type: double 
	Parameter CLKOUT1_PHASE bound to: 0.000000 - type: double 
	Parameter CLKOUT1_USE_FINE_PS bound to: FALSE - type: string 
	Parameter CLKOUT4_CASCADE bound to: FALSE - type: string 
	Parameter COMPENSATION bound to: ZHOLD - type: string 
	Parameter DIVCLK_DIVIDE bound to: 1 - type: integer 
	Parameter STARTUP_WAIT bound to: FALSE - type: string 
INFO: [Synth 8-6155] done synthesizing module 'MMCME2_ADV' (0#1) [C:/Xilinx/Vivado/2022.2/scripts/rt/data/unisim_comp.v:79852]
INFO: [Synth 8-6157] synthesizing module 'BUFG' [C:/Xilinx/Vivado/2022.2/scripts/rt/data/unisim_comp.v:1082]
INFO: [Synth 8-6155] done synthesizing module 'BUFG' (0#1) [C:/Xilinx/Vivado/2022.2/scripts/rt/data/unisim_comp.v:1082]
INFO: [Synth 8-6155] done synthesizing module 'clk_wiz_0_clk_wiz' (0#1) [c:/users/merli/ece385lab7.1/ece385_lab7.1/ece385_lab7.1.tmp/hdmi_text_controller_v1_0_project/hdmi_text_controller_v1_0_project.gen/sources_1/ip/clk_wiz_0/clk_wiz_0_clk_wiz.v:69]
INFO: [Synth 8-6155] done synthesizing module 'clk_wiz_0' (0#1) [c:/users/merli/ece385lab7.1/ece385_lab7.1/ece385_lab7.1.tmp/hdmi_text_controller_v1_0_project/hdmi_text_controller_v1_0_project.gen/sources_1/ip/clk_wiz_0/clk_wiz_0.v:69]
INFO: [Synth 8-6157] synthesizing module 'vga_controller' [c:/Users/merli/ECE385Lab7.1/ip_repo/hdmi_text_controller_1_0/src/VGA_controller.sv:26]
INFO: [Synth 8-6155] done synthesizing module 'vga_controller' (0#1) [c:/Users/merli/ECE385Lab7.1/ip_repo/hdmi_text_controller_1_0/src/VGA_controller.sv:26]
WARNING: [Synth 8-7071] port 'sync' of module 'vga_controller' is unconnected for instance 'vga' [c:/Users/merli/ECE385Lab7.1/ip_repo/hdmi_text_controller_1_0/src/hdmi_text_controller_v1_0.sv:121]
WARNING: [Synth 8-7023] instance 'vga' of module 'vga_controller' has 8 connections declared, but only 7 given [c:/Users/merli/ECE385Lab7.1/ip_repo/hdmi_text_controller_1_0/src/hdmi_text_controller_v1_0.sv:121]
INFO: [Synth 8-6157] synthesizing module 'hdmi_tx_0' [c:/users/merli/ece385lab7.1/ece385_lab7.1/ece385_lab7.1.tmp/hdmi_text_controller_v1_0_project/hdmi_text_controller_v1_0_project.gen/sources_1/ip/hdmi_tx_0/synth/hdmi_tx_0.v:53]
INFO: [Synth 8-6157] synthesizing module 'hdmi_tx_v1_0' [c:/users/merli/ece385lab7.1/ece385_lab7.1/ece385_lab7.1.tmp/hdmi_text_controller_v1_0_project/hdmi_text_controller_v1_0_project.gen/sources_1/ip/hdmi_tx_0/hdl/hdmi_tx_v1_0.v:70]
INFO: [Synth 8-6157] synthesizing module 'srldelay' [c:/users/merli/ece385lab7.1/ece385_lab7.1/ece385_lab7.1.tmp/hdmi_text_controller_v1_0_project/hdmi_text_controller_v1_0_project.gen/sources_1/ip/hdmi_tx_0/hdl/srldelay.v:70]
INFO: [Synth 8-6157] synthesizing module 'SRL16E' [C:/Xilinx/Vivado/2022.2/scripts/rt/data/unisim_comp.v:131644]
INFO: [Synth 8-6155] done synthesizing module 'SRL16E' (0#1) [C:/Xilinx/Vivado/2022.2/scripts/rt/data/unisim_comp.v:131644]
INFO: [Synth 8-6155] done synthesizing module 'srldelay' (0#1) [c:/users/merli/ece385lab7.1/ece385_lab7.1/ece385_lab7.1.tmp/hdmi_text_controller_v1_0_project/hdmi_text_controller_v1_0_project.gen/sources_1/ip/hdmi_tx_0/hdl/srldelay.v:70]
INFO: [Synth 8-6157] synthesizing module 'encode' [c:/users/merli/ece385lab7.1/ece385_lab7.1/ece385_lab7.1.tmp/hdmi_text_controller_v1_0_project/hdmi_text_controller_v1_0_project.gen/sources_1/ip/hdmi_tx_0/hdl/encode.v:79]
INFO: [Synth 8-6155] done synthesizing module 'encode' (0#1) [c:/users/merli/ece385lab7.1/ece385_lab7.1/ece385_lab7.1.tmp/hdmi_text_controller_v1_0_project/hdmi_text_controller_v1_0_project.gen/sources_1/ip/hdmi_tx_0/hdl/encode.v:79]
INFO: [Synth 8-6157] synthesizing module 'encode__parameterized0' [c:/users/merli/ece385lab7.1/ece385_lab7.1/ece385_lab7.1.tmp/hdmi_text_controller_v1_0_project/hdmi_text_controller_v1_0_project.gen/sources_1/ip/hdmi_tx_0/hdl/encode.v:79]
INFO: [Synth 8-6155] done synthesizing module 'encode__parameterized0' (0#1) [c:/users/merli/ece385lab7.1/ece385_lab7.1/ece385_lab7.1.tmp/hdmi_text_controller_v1_0_project/hdmi_text_controller_v1_0_project.gen/sources_1/ip/hdmi_tx_0/hdl/encode.v:79]
INFO: [Synth 8-6157] synthesizing module 'encode__parameterized1' [c:/users/merli/ece385lab7.1/ece385_lab7.1/ece385_lab7.1.tmp/hdmi_text_controller_v1_0_project/hdmi_text_controller_v1_0_project.gen/sources_1/ip/hdmi_tx_0/hdl/encode.v:79]
INFO: [Synth 8-6155] done synthesizing module 'encode__parameterized1' (0#1) [c:/users/merli/ece385lab7.1/ece385_lab7.1/ece385_lab7.1.tmp/hdmi_text_controller_v1_0_project/hdmi_text_controller_v1_0_project.gen/sources_1/ip/hdmi_tx_0/hdl/encode.v:79]
INFO: [Synth 8-6157] synthesizing module 'serdes_10_to_1' [c:/users/merli/ece385lab7.1/ece385_lab7.1/ece385_lab7.1.tmp/hdmi_text_controller_v1_0_project/hdmi_text_controller_v1_0_project.gen/sources_1/ip/hdmi_tx_0/hdl/serdes_10_to_1.v:43]
INFO: [Synth 8-6157] synthesizing module 'OSERDESE2' [C:/Xilinx/Vivado/2022.2/scripts/rt/data/unisim_comp.v:94875]
INFO: [Synth 8-6155] done synthesizing module 'OSERDESE2' (0#1) [C:/Xilinx/Vivado/2022.2/scripts/rt/data/unisim_comp.v:94875]
INFO: [Synth 8-6157] synthesizing module 'OSERDESE2__parameterized0' [C:/Xilinx/Vivado/2022.2/scripts/rt/data/unisim_comp.v:94875]
INFO: [Synth 8-6155] done synthesizing module 'OSERDESE2__parameterized0' (0#1) [C:/Xilinx/Vivado/2022.2/scripts/rt/data/unisim_comp.v:94875]
INFO: [Synth 8-6155] done synthesizing module 'serdes_10_to_1' (0#1) [c:/users/merli/ece385lab7.1/ece385_lab7.1/ece385_lab7.1.tmp/hdmi_text_controller_v1_0_project/hdmi_text_controller_v1_0_project.gen/sources_1/ip/hdmi_tx_0/hdl/serdes_10_to_1.v:43]
INFO: [Synth 8-6157] synthesizing module 'OBUFDS' [C:/Xilinx/Vivado/2022.2/scripts/rt/data/unisim_comp.v:90676]
INFO: [Synth 8-6155] done synthesizing module 'OBUFDS' (0#1) [C:/Xilinx/Vivado/2022.2/scripts/rt/data/unisim_comp.v:90676]
INFO: [Synth 8-6155] done synthesizing module 'hdmi_tx_v1_0' (0#1) [c:/users/merli/ece385lab7.1/ece385_lab7.1/ece385_lab7.1.tmp/hdmi_text_controller_v1_0_project/hdmi_text_controller_v1_0_project.gen/sources_1/ip/hdmi_tx_0/hdl/hdmi_tx_v1_0.v:70]
INFO: [Synth 8-6155] done synthesizing module 'hdmi_tx_0' (0#1) [c:/users/merli/ece385lab7.1/ece385_lab7.1/ece385_lab7.1.tmp/hdmi_text_controller_v1_0_project/hdmi_text_controller_v1_0_project.gen/sources_1/ip/hdmi_tx_0/synth/hdmi_tx_0.v:53]
INFO: [Synth 8-6157] synthesizing module 'color_mapper' [c:/Users/merli/ECE385Lab7.1/ip_repo/hdmi_text_controller_1_0/src/Color_Mapper.sv:17]
INFO: [Synth 8-6157] synthesizing module 'font_rom' [c:/Users/merli/ECE385Lab7.1/ip_repo/hdmi_text_controller_1_0/src/font_rom.sv:1]
INFO: [Synth 8-6155] done synthesizing module 'font_rom' (0#1) [c:/Users/merli/ECE385Lab7.1/ip_repo/hdmi_text_controller_1_0/src/font_rom.sv:1]
INFO: [Synth 8-294] found qualifier unique on case statement: implementing as parallel_case [c:/Users/merli/ECE385Lab7.1/ip_repo/hdmi_text_controller_1_0/src/Color_Mapper.sv:127]
INFO: [Synth 8-226] default block is never used [c:/Users/merli/ECE385Lab7.1/ip_repo/hdmi_text_controller_1_0/src/Color_Mapper.sv:127]
INFO: [Synth 8-6155] done synthesizing module 'color_mapper' (0#1) [c:/Users/merli/ECE385Lab7.1/ip_repo/hdmi_text_controller_1_0/src/Color_Mapper.sv:17]
WARNING: [Synth 8-689] width (11) of port connection 'bram_addr_b' does not match port width (12) of module 'color_mapper' [c:/Users/merli/ECE385Lab7.1/ip_repo/hdmi_text_controller_1_0/src/hdmi_text_controller_v1_0.sv:171]
INFO: [Synth 8-6157] synthesizing module 'mem_block' [c:/Users/merli/ECE385Lab7.1/ip_repo/hdmi_text_controller_1_0/src/mem_block.sv:23]
INFO: [Synth 8-638] synthesizing module 'blk_mem_gen_0' [c:/users/merli/ece385lab7.1/ece385_lab7.1/ece385_lab7.1.tmp/hdmi_text_controller_v1_0_project/hdmi_text_controller_v1_0_project.gen/sources_1/ip/blk_mem_gen_0/synth/blk_mem_gen_0.vhd:76]
	Parameter C_FAMILY bound to: spartan7 - type: string 
	Parameter C_XDEVICEFAMILY bound to: spartan7 - type: string 
	Parameter C_ELABORATION_DIR bound to: ./ - type: string 
	Parameter C_INTERFACE_TYPE bound to: 0 - type: integer 
	Parameter C_AXI_TYPE bound to: 1 - type: integer 
	Parameter C_AXI_SLAVE_TYPE bound to: 0 - type: integer 
	Parameter C_USE_BRAM_BLOCK bound to: 0 - type: integer 
	Parameter C_ENABLE_32BIT_ADDRESS bound to: 0 - type: integer 
	Parameter C_CTRL_ECC_ALGO bound to: NONE - type: string 
	Parameter C_HAS_AXI_ID bound to: 0 - type: integer 
	Parameter C_AXI_ID_WIDTH bound to: 4 - type: integer 
	Parameter C_MEM_TYPE bound to: 2 - type: integer 
	Parameter C_BYTE_SIZE bound to: 9 - type: integer 
	Parameter C_ALGORITHM bound to: 1 - type: integer 
	Parameter C_PRIM_TYPE bound to: 1 - type: integer 
	Parameter C_LOAD_INIT_FILE bound to: 0 - type: integer 
	Parameter C_INIT_FILE_NAME bound to: no_coe_file_loaded - type: string 
	Parameter C_INIT_FILE bound to: blk_mem_gen_0.mem - type: string 
	Parameter C_USE_DEFAULT_DATA bound to: 0 - type: integer 
	Parameter C_DEFAULT_DATA bound to: 0 - type: string 
	Parameter C_HAS_RSTA bound to: 0 - type: integer 
	Parameter C_RST_PRIORITY_A bound to: CE - type: string 
	Parameter C_RSTRAM_A bound to: 0 - type: integer 
	Parameter C_INITA_VAL bound to: 0 - type: string 
	Parameter C_HAS_ENA bound to: 1 - type: integer 
	Parameter C_HAS_REGCEA bound to: 0 - type: integer 
	Parameter C_USE_BYTE_WEA bound to: 0 - type: integer 
	Parameter C_WEA_WIDTH bound to: 1 - type: integer 
	Parameter C_WRITE_MODE_A bound to: WRITE_FIRST - type: string 
	Parameter C_WRITE_WIDTH_A bound to: 32 - type: integer 
	Parameter C_READ_WIDTH_A bound to: 32 - type: integer 
	Parameter C_WRITE_DEPTH_A bound to: 1200 - type: integer 
	Parameter C_READ_DEPTH_A bound to: 1200 - type: integer 
	Parameter C_ADDRA_WIDTH bound to: 11 - type: integer 
	Parameter C_HAS_RSTB bound to: 0 - type: integer 
	Parameter C_RST_PRIORITY_B bound to: CE - type: string 
	Parameter C_RSTRAM_B bound to: 0 - type: integer 
	Parameter C_INITB_VAL bound to: 0 - type: string 
	Parameter C_HAS_ENB bound to: 1 - type: integer 
	Parameter C_HAS_REGCEB bound to: 0 - type: integer 
	Parameter C_USE_BYTE_WEB bound to: 0 - type: integer 
	Parameter C_WEB_WIDTH bound to: 1 - type: integer 
	Parameter C_WRITE_MODE_B bound to: WRITE_FIRST - type: string 
	Parameter C_WRITE_WIDTH_B bound to: 32 - type: integer 
	Parameter C_READ_WIDTH_B bound to: 32 - type: integer 
	Parameter C_WRITE_DEPTH_B bound to: 1200 - type: integer 
	Parameter C_READ_DEPTH_B bound to: 1200 - type: integer 
	Parameter C_ADDRB_WIDTH bound to: 11 - type: integer 
	Parameter C_HAS_MEM_OUTPUT_REGS_A bound to: 1 - type: integer 
	Parameter C_HAS_MEM_OUTPUT_REGS_B bound to: 1 - type: integer 
	Parameter C_HAS_MUX_OUTPUT_REGS_A bound to: 0 - type: integer 
	Parameter C_HAS_MUX_OUTPUT_REGS_B bound to: 0 - type: integer 
	Parameter C_MUX_PIPELINE_STAGES bound to: 0 - type: integer 
	Parameter C_HAS_SOFTECC_INPUT_REGS_A bound to: 0 - type: integer 
	Parameter C_HAS_SOFTECC_OUTPUT_REGS_B bound to: 0 - type: integer 
	Parameter C_USE_SOFTECC bound to: 0 - type: integer 
	Parameter C_USE_ECC bound to: 0 - type: integer 
	Parameter C_EN_ECC_PIPE bound to: 0 - type: integer 
	Parameter C_READ_LATENCY_A bound to: 1 - type: integer 
	Parameter C_READ_LATENCY_B bound to: 1 - type: integer 
	Parameter C_HAS_INJECTERR bound to: 0 - type: integer 
	Parameter C_SIM_COLLISION_CHECK bound to: ALL - type: string 
	Parameter C_COMMON_CLK bound to: 1 - type: integer 
	Parameter C_DISABLE_WARN_BHV_COLL bound to: 0 - type: integer 
	Parameter C_EN_SLEEP_PIN bound to: 0 - type: integer 
	Parameter C_USE_URAM bound to: 0 - type: integer 
	Parameter C_EN_RDADDRA_CHG bound to: 0 - type: integer 
	Parameter C_EN_RDADDRB_CHG bound to: 0 - type: integer 
	Parameter C_EN_DEEPSLEEP_PIN bound to: 0 - type: integer 
	Parameter C_EN_SHUTDOWN_PIN bound to: 0 - type: integer 
	Parameter C_EN_SAFETY_CKT bound to: 0 - type: integer 
	Parameter C_DISABLE_WARN_BHV_RANGE bound to: 0 - type: integer 
	Parameter C_COUNT_36K_BRAM bound to: 2 - type: string 
	Parameter C_COUNT_18K_BRAM bound to: 0 - type: string 
	Parameter C_EST_POWER_SUMMARY bound to: Estimated Power for IP     :     10.698 mW - type: string 
INFO: [Synth 8-3491] module 'blk_mem_gen_v8_4_5' declared at 'c:/users/merli/ece385lab7.1/ece385_lab7.1/ece385_lab7.1.tmp/hdmi_text_controller_v1_0_project/hdmi_text_controller_v1_0_project.gen/sources_1/ip/blk_mem_gen_0/hdl/blk_mem_gen_v8_4_vhsyn_rfs.vhd:195321' bound to instance 'U0' of component 'blk_mem_gen_v8_4_5' [c:/users/merli/ece385lab7.1/ece385_lab7.1/ece385_lab7.1.tmp/hdmi_text_controller_v1_0_project/hdmi_text_controller_v1_0_project.gen/sources_1/ip/blk_mem_gen_0/synth/blk_mem_gen_0.vhd:249]
INFO: [Synth 8-256] done synthesizing module 'blk_mem_gen_0' (0#1) [c:/users/merli/ece385lab7.1/ece385_lab7.1/ece385_lab7.1.tmp/hdmi_text_controller_v1_0_project/hdmi_text_controller_v1_0_project.gen/sources_1/ip/blk_mem_gen_0/synth/blk_mem_gen_0.vhd:76]
WARNING: [Synth 8-689] width (14) of port connection 'addra' does not match port width (11) of module 'blk_mem_gen_0' [c:/Users/merli/ECE385Lab7.1/ip_repo/hdmi_text_controller_1_0/src/mem_block.sv:84]
WARNING: [Synth 8-689] width (4) of port connection 'wea' does not match port width (1) of module 'blk_mem_gen_0' [c:/Users/merli/ECE385Lab7.1/ip_repo/hdmi_text_controller_1_0/src/mem_block.sv:89]
WARNING: [Synth 8-689] width (14) of port connection 'addrb' does not match port width (11) of module 'blk_mem_gen_0' [c:/Users/merli/ECE385Lab7.1/ip_repo/hdmi_text_controller_1_0/src/mem_block.sv:90]
INFO: [Synth 8-6157] synthesizing module 'load_reg' [c:/Users/merli/ECE385Lab7.1/ip_repo/hdmi_text_controller_1_0/src/load_reg.sv:1]
INFO: [Synth 8-6155] done synthesizing module 'load_reg' (0#1) [c:/Users/merli/ECE385Lab7.1/ip_repo/hdmi_text_controller_1_0/src/load_reg.sv:1]
INFO: [Synth 8-6155] done synthesizing module 'mem_block' (0#1) [c:/Users/merli/ECE385Lab7.1/ip_repo/hdmi_text_controller_1_0/src/mem_block.sv:23]
INFO: [Synth 8-6155] done synthesizing module 'hdmi_text_controller_v1_0' (0#1) [c:/Users/merli/ECE385Lab7.1/ip_repo/hdmi_text_controller_1_0/src/hdmi_text_controller_v1_0.sv:9]
WARNING: [Synth 8-3848] Net bram_out_new in module/entity hdmi_text_controller_v1_0_AXI does not have driver. [c:/Users/merli/ECE385Lab7.1/ip_repo/hdmi_text_controller_1_0/src/hdmi_text_controller_v1_0_AXI.sv:151]
WARNING: [Synth 8-6014] Unused sequential element hdmi_ctl1_reg was removed.  [c:/users/merli/ece385lab7.1/ece385_lab7.1/ece385_lab7.1.tmp/hdmi_text_controller_v1_0_project/hdmi_text_controller_v1_0_project.gen/sources_1/ip/hdmi_tx_0/hdl/hdmi_tx_v1_0.v:148]
WARNING: [Synth 8-87] always_comb on 'data_i_reg' did not result in combinational logic [c:/Users/merli/ECE385Lab7.1/ip_repo/hdmi_text_controller_1_0/src/mem_block.sv:52]
WARNING: [Synth 8-87] always_comb on 'wea_bram_reg' did not result in combinational logic [c:/Users/merli/ECE385Lab7.1/ip_repo/hdmi_text_controller_1_0/src/mem_block.sv:56]
WARNING: [Synth 8-87] always_comb on 'addra_bram_reg' did not result in combinational logic [c:/Users/merli/ECE385Lab7.1/ip_repo/hdmi_text_controller_1_0/src/mem_block.sv:57]
WARNING: [Synth 8-87] always_comb on 'dina_bram_reg' did not result in combinational logic [c:/Users/merli/ECE385Lab7.1/ip_repo/hdmi_text_controller_1_0/src/mem_block.sv:58]
WARNING: [Synth 8-87] always_comb on 'douta_reg' did not result in combinational logic [c:/Users/merli/ECE385Lab7.1/ip_repo/hdmi_text_controller_1_0/src/mem_block.sv:62]
WARNING: [Synth 8-87] always_comb on 'doutb_reg' did not result in combinational logic [c:/Users/merli/ECE385Lab7.1/ip_repo/hdmi_text_controller_1_0/src/mem_block.sv:74]
WARNING: [Synth 8-87] always_comb on 'addrb_bram_reg' did not result in combinational logic [c:/Users/merli/ECE385Lab7.1/ip_repo/hdmi_text_controller_1_0/src/mem_block.sv:78]
WARNING: [Synth 8-3848] Net doutb_bram in module/entity mem_block does not have driver. [c:/Users/merli/ECE385Lab7.1/ip_repo/hdmi_text_controller_1_0/src/mem_block.sv:45]
WARNING: [Synth 8-3848] Net ballxsig in module/entity hdmi_text_controller_v1_0 does not have driver. [c:/Users/merli/ECE385Lab7.1/ip_repo/hdmi_text_controller_1_0/src/hdmi_text_controller_v1_0.sv:61]
WARNING: [Synth 8-3848] Net ballysig in module/entity hdmi_text_controller_v1_0 does not have driver. [c:/Users/merli/ECE385Lab7.1/ip_repo/hdmi_text_controller_1_0/src/hdmi_text_controller_v1_0.sv:61]
WARNING: [Synth 8-3848] Net ballsizesig in module/entity hdmi_text_controller_v1_0 does not have driver. [c:/Users/merli/ECE385Lab7.1/ip_repo/hdmi_text_controller_1_0/src/hdmi_text_controller_v1_0.sv:61]
WARNING: [Synth 8-7129] Port CLKB in module blk_mem_output_block is either unconnected or has no load
WARNING: [Synth 8-7129] Port SBITERR_I in module blk_mem_output_block is either unconnected or has no load
WARNING: [Synth 8-7129] Port DBITERR_I in module blk_mem_output_block is either unconnected or has no load
WARNING: [Synth 8-7129] Port RDADDRECC_I[10] in module blk_mem_output_block is either unconnected or has no load
WARNING: [Synth 8-7129] Port RDADDRECC_I[9] in module blk_mem_output_block is either unconnected or has no load
WARNING: [Synth 8-7129] Port RDADDRECC_I[8] in module blk_mem_output_block is either unconnected or has no load
WARNING: [Synth 8-7129] Port RDADDRECC_I[7] in module blk_mem_output_block is either unconnected or has no load
WARNING: [Synth 8-7129] Port RDADDRECC_I[6] in module blk_mem_output_block is either unconnected or has no load
WARNING: [Synth 8-7129] Port RDADDRECC_I[5] in module blk_mem_output_block is either unconnected or has no load
WARNING: [Synth 8-7129] Port RDADDRECC_I[4] in module blk_mem_output_block is either unconnected or has no load
WARNING: [Synth 8-7129] Port RDADDRECC_I[3] in module blk_mem_output_block is either unconnected or has no load
WARNING: [Synth 8-7129] Port RDADDRECC_I[2] in module blk_mem_output_block is either unconnected or has no load
WARNING: [Synth 8-7129] Port RDADDRECC_I[1] in module blk_mem_output_block is either unconnected or has no load
WARNING: [Synth 8-7129] Port RDADDRECC_I[0] in module blk_mem_output_block is either unconnected or has no load
WARNING: [Synth 8-7129] Port SBITERR in module blk_mem_gen_prim_wrapper__parameterized0 is either unconnected or has no load
WARNING: [Synth 8-7129] Port DBITERR in module blk_mem_gen_prim_wrapper__parameterized0 is either unconnected or has no load
WARNING: [Synth 8-7129] Port SSRA in module blk_mem_gen_prim_wrapper__parameterized0 is either unconnected or has no load
WARNING: [Synth 8-7129] Port SSRB in module blk_mem_gen_prim_wrapper__parameterized0 is either unconnected or has no load
WARNING: [Synth 8-7129] Port SLEEP in module blk_mem_gen_prim_wrapper__parameterized0 is either unconnected or has no load
WARNING: [Synth 8-7129] Port INJECTSBITERR in module blk_mem_gen_prim_wrapper__parameterized0 is either unconnected or has no load
WARNING: [Synth 8-7129] Port INJECTDBITERR in module blk_mem_gen_prim_wrapper__parameterized0 is either unconnected or has no load
WARNING: [Synth 8-7129] Port ECCPIPECE in module blk_mem_gen_prim_wrapper__parameterized0 is either unconnected or has no load
WARNING: [Synth 8-7129] Port SBITERR in module blk_mem_gen_prim_wrapper is either unconnected or has no load
WARNING: [Synth 8-7129] Port DBITERR in module blk_mem_gen_prim_wrapper is either unconnected or has no load
WARNING: [Synth 8-7129] Port SSRA in module blk_mem_gen_prim_wrapper is either unconnected or has no load
WARNING: [Synth 8-7129] Port SSRB in module blk_mem_gen_prim_wrapper is either unconnected or has no load
WARNING: [Synth 8-7129] Port SLEEP in module blk_mem_gen_prim_wrapper is either unconnected or has no load
WARNING: [Synth 8-7129] Port INJECTSBITERR in module blk_mem_gen_prim_wrapper is either unconnected or has no load
WARNING: [Synth 8-7129] Port INJECTDBITERR in module blk_mem_gen_prim_wrapper is either unconnected or has no load
WARNING: [Synth 8-7129] Port ECCPIPECE in module blk_mem_gen_prim_wrapper is either unconnected or has no load
WARNING: [Synth 8-7129] Port RSTA[0] in module blk_mem_gen_generic_cstr is either unconnected or has no load
WARNING: [Synth 8-7129] Port WEA[3] in module blk_mem_gen_generic_cstr is either unconnected or has no load
WARNING: [Synth 8-7129] Port WEA[2] in module blk_mem_gen_generic_cstr is either unconnected or has no load
WARNING: [Synth 8-7129] Port WEA[1] in module blk_mem_gen_generic_cstr is either unconnected or has no load
WARNING: [Synth 8-7129] Port RSTB[0] in module blk_mem_gen_generic_cstr is either unconnected or has no load
WARNING: [Synth 8-7129] Port WEB[3] in module blk_mem_gen_generic_cstr is either unconnected or has no load
WARNING: [Synth 8-7129] Port WEB[2] in module blk_mem_gen_generic_cstr is either unconnected or has no load
WARNING: [Synth 8-7129] Port WEB[1] in module blk_mem_gen_generic_cstr is either unconnected or has no load
WARNING: [Synth 8-7129] Port INJECTSBITERR in module blk_mem_gen_generic_cstr is either unconnected or has no load
WARNING: [Synth 8-7129] Port INJECTDBITERR in module blk_mem_gen_generic_cstr is either unconnected or has no load
WARNING: [Synth 8-7129] Port RSTA in module blk_mem_input_block is either unconnected or has no load
WARNING: [Synth 8-7129] Port REGCEA in module blk_mem_input_block is either unconnected or has no load
WARNING: [Synth 8-7129] Port RSTB in module blk_mem_input_block is either unconnected or has no load
WARNING: [Synth 8-7129] Port REGCEB in module blk_mem_input_block is either unconnected or has no load
WARNING: [Synth 8-7129] Port INJECTDBITERR in module blk_mem_input_block is either unconnected or has no load
WARNING: [Synth 8-7129] Port INJECTSBITERR in module blk_mem_input_block is either unconnected or has no load
WARNING: [Synth 8-7129] Port CLKB in module blk_mem_gen_v8_4_5_synth is either unconnected or has no load
WARNING: [Synth 8-7129] Port S_AClk in module blk_mem_gen_v8_4_5_synth is either unconnected or has no load
WARNING: [Synth 8-7129] Port S_ARESETN in module blk_mem_gen_v8_4_5_synth is either unconnected or has no load
WARNING: [Synth 8-7129] Port S_AXI_AWID[3] in module blk_mem_gen_v8_4_5_synth is either unconnected or has no load
WARNING: [Synth 8-7129] Port S_AXI_AWID[2] in module blk_mem_gen_v8_4_5_synth is either unconnected or has no load
WARNING: [Synth 8-7129] Port S_AXI_AWID[1] in module blk_mem_gen_v8_4_5_synth is either unconnected or has no load
WARNING: [Synth 8-7129] Port S_AXI_AWID[0] in module blk_mem_gen_v8_4_5_synth is either unconnected or has no load
WARNING: [Synth 8-7129] Port S_AXI_AWADDR[31] in module blk_mem_gen_v8_4_5_synth is either unconnected or has no load
WARNING: [Synth 8-7129] Port S_AXI_AWADDR[30] in module blk_mem_gen_v8_4_5_synth is either unconnected or has no load
WARNING: [Synth 8-7129] Port S_AXI_AWADDR[29] in module blk_mem_gen_v8_4_5_synth is either unconnected or has no load
WARNING: [Synth 8-7129] Port S_AXI_AWADDR[28] in module blk_mem_gen_v8_4_5_synth is either unconnected or has no load
WARNING: [Synth 8-7129] Port S_AXI_AWADDR[27] in module blk_mem_gen_v8_4_5_synth is either unconnected or has no load
WARNING: [Synth 8-7129] Port S_AXI_AWADDR[26] in module blk_mem_gen_v8_4_5_synth is either unconnected or has no load
WARNING: [Synth 8-7129] Port S_AXI_AWADDR[25] in module blk_mem_gen_v8_4_5_synth is either unconnected or has no load
WARNING: [Synth 8-7129] Port S_AXI_AWADDR[24] in module blk_mem_gen_v8_4_5_synth is either unconnected or has no load
WARNING: [Synth 8-7129] Port S_AXI_AWADDR[23] in module blk_mem_gen_v8_4_5_synth is either unconnected or has no load
WARNING: [Synth 8-7129] Port S_AXI_AWADDR[22] in module blk_mem_gen_v8_4_5_synth is either unconnected or has no load
WARNING: [Synth 8-7129] Port S_AXI_AWADDR[21] in module blk_mem_gen_v8_4_5_synth is either unconnected or has no load
WARNING: [Synth 8-7129] Port S_AXI_AWADDR[20] in module blk_mem_gen_v8_4_5_synth is either unconnected or has no load
WARNING: [Synth 8-7129] Port S_AXI_AWADDR[19] in module blk_mem_gen_v8_4_5_synth is either unconnected or has no load
WARNING: [Synth 8-7129] Port S_AXI_AWADDR[18] in module blk_mem_gen_v8_4_5_synth is either unconnected or has no load
WARNING: [Synth 8-7129] Port S_AXI_AWADDR[17] in module blk_mem_gen_v8_4_5_synth is either unconnected or has no load
WARNING: [Synth 8-7129] Port S_AXI_AWADDR[16] in module blk_mem_gen_v8_4_5_synth is either unconnected or has no load
WARNING: [Synth 8-7129] Port S_AXI_AWADDR[15] in module blk_mem_gen_v8_4_5_synth is either unconnected or has no load
WARNING: [Synth 8-7129] Port S_AXI_AWADDR[14] in module blk_mem_gen_v8_4_5_synth is either unconnected or has no load
WARNING: [Synth 8-7129] Port S_AXI_AWADDR[13] in module blk_mem_gen_v8_4_5_synth is either unconnected or has no load
WARNING: [Synth 8-7129] Port S_AXI_AWADDR[12] in module blk_mem_gen_v8_4_5_synth is either unconnected or has no load
WARNING: [Synth 8-7129] Port S_AXI_AWADDR[11] in module blk_mem_gen_v8_4_5_synth is either unconnected or has no load
WARNING: [Synth 8-7129] Port S_AXI_AWADDR[10] in module blk_mem_gen_v8_4_5_synth is either unconnected or has no load
WARNING: [Synth 8-7129] Port S_AXI_AWADDR[9] in module blk_mem_gen_v8_4_5_synth is either unconnected or has no load
WARNING: [Synth 8-7129] Port S_AXI_AWADDR[8] in module blk_mem_gen_v8_4_5_synth is either unconnected or has no load
WARNING: [Synth 8-7129] Port S_AXI_AWADDR[7] in module blk_mem_gen_v8_4_5_synth is either unconnected or has no load
WARNING: [Synth 8-7129] Port S_AXI_AWADDR[6] in module blk_mem_gen_v8_4_5_synth is either unconnected or has no load
WARNING: [Synth 8-7129] Port S_AXI_AWADDR[5] in module blk_mem_gen_v8_4_5_synth is either unconnected or has no load
WARNING: [Synth 8-7129] Port S_AXI_AWADDR[4] in module blk_mem_gen_v8_4_5_synth is either unconnected or has no load
WARNING: [Synth 8-7129] Port S_AXI_AWADDR[3] in module blk_mem_gen_v8_4_5_synth is either unconnected or has no load
WARNING: [Synth 8-7129] Port S_AXI_AWADDR[2] in module blk_mem_gen_v8_4_5_synth is either unconnected or has no load
WARNING: [Synth 8-7129] Port S_AXI_AWADDR[1] in module blk_mem_gen_v8_4_5_synth is either unconnected or has no load
WARNING: [Synth 8-7129] Port S_AXI_AWADDR[0] in module blk_mem_gen_v8_4_5_synth is either unconnected or has no load
WARNING: [Synth 8-7129] Port S_AXI_AWLEN[7] in module blk_mem_gen_v8_4_5_synth is either unconnected or has no load
WARNING: [Synth 8-7129] Port S_AXI_AWLEN[6] in module blk_mem_gen_v8_4_5_synth is either unconnected or has no load
WARNING: [Synth 8-7129] Port S_AXI_AWLEN[5] in module blk_mem_gen_v8_4_5_synth is either unconnected or has no load
WARNING: [Synth 8-7129] Port S_AXI_AWLEN[4] in module blk_mem_gen_v8_4_5_synth is either unconnected or has no load
WARNING: [Synth 8-7129] Port S_AXI_AWLEN[3] in module blk_mem_gen_v8_4_5_synth is either unconnected or has no load
WARNING: [Synth 8-7129] Port S_AXI_AWLEN[2] in module blk_mem_gen_v8_4_5_synth is either unconnected or has no load
WARNING: [Synth 8-7129] Port S_AXI_AWLEN[1] in module blk_mem_gen_v8_4_5_synth is either unconnected or has no load
WARNING: [Synth 8-7129] Port S_AXI_AWLEN[0] in module blk_mem_gen_v8_4_5_synth is either unconnected or has no load
WARNING: [Synth 8-7129] Port S_AXI_AWSIZE[2] in module blk_mem_gen_v8_4_5_synth is either unconnected or has no load
WARNING: [Synth 8-7129] Port S_AXI_AWSIZE[1] in module blk_mem_gen_v8_4_5_synth is either unconnected or has no load
WARNING: [Synth 8-7129] Port S_AXI_AWSIZE[0] in module blk_mem_gen_v8_4_5_synth is either unconnected or has no load
WARNING: [Synth 8-7129] Port S_AXI_AWBURST[1] in module blk_mem_gen_v8_4_5_synth is either unconnected or has no load
WARNING: [Synth 8-7129] Port S_AXI_AWBURST[0] in module blk_mem_gen_v8_4_5_synth is either unconnected or has no load
WARNING: [Synth 8-7129] Port S_AXI_AWVALID in module blk_mem_gen_v8_4_5_synth is either unconnected or has no load
WARNING: [Synth 8-7129] Port S_AXI_WDATA[31] in module blk_mem_gen_v8_4_5_synth is either unconnected or has no load
INFO: [Common 17-14] Message 'Synth 8-7129' appears 100 times and further instances of the messages will be disabled. Use the Tcl command set_msg_config to change the current settings.
---------------------------------------------------------------------------------
Finished RTL Elaboration : Time (s): cpu = 00:00:27 ; elapsed = 00:00:28 . Memory (MB): peak = 1520.625 ; gain = 739.527
---------------------------------------------------------------------------------
---------------------------------------------------------------------------------
Start Handling Custom Attributes
---------------------------------------------------------------------------------
---------------------------------------------------------------------------------
Finished Handling Custom Attributes : Time (s): cpu = 00:00:27 ; elapsed = 00:00:28 . Memory (MB): peak = 1520.625 ; gain = 739.527
---------------------------------------------------------------------------------
---------------------------------------------------------------------------------
Finished RTL Optimization Phase 1 : Time (s): cpu = 00:00:27 ; elapsed = 00:00:28 . Memory (MB): peak = 1520.625 ; gain = 739.527
---------------------------------------------------------------------------------
Netlist sorting complete. Time (s): cpu = 00:00:00 ; elapsed = 00:00:00.034 . Memory (MB): peak = 1520.625 ; gain = 0.000
INFO: [Netlist 29-17] Analyzing 7 Unisim elements for replacement
INFO: [Netlist 29-28] Unisim Transformation completed in 0 CPU seconds
INFO: [Project 1-570] Preparing netlist for logic optimization

Processing XDC Constraints
Initializing timing engine
Parsing XDC File [c:/users/merli/ece385lab7.1/ece385_lab7.1/ece385_lab7.1.tmp/hdmi_text_controller_v1_0_project/hdmi_text_controller_v1_0_project.gen/sources_1/ip/clk_wiz_0/clk_wiz_0_board.xdc] for cell 'clk_wiz/inst'
Finished Parsing XDC File [c:/users/merli/ece385lab7.1/ece385_lab7.1/ece385_lab7.1.tmp/hdmi_text_controller_v1_0_project/hdmi_text_controller_v1_0_project.gen/sources_1/ip/clk_wiz_0/clk_wiz_0_board.xdc] for cell 'clk_wiz/inst'
Parsing XDC File [c:/users/merli/ece385lab7.1/ece385_lab7.1/ece385_lab7.1.tmp/hdmi_text_controller_v1_0_project/hdmi_text_controller_v1_0_project.gen/sources_1/ip/clk_wiz_0/clk_wiz_0.xdc] for cell 'clk_wiz/inst'
Finished Parsing XDC File [c:/users/merli/ece385lab7.1/ece385_lab7.1/ece385_lab7.1.tmp/hdmi_text_controller_v1_0_project/hdmi_text_controller_v1_0_project.gen/sources_1/ip/clk_wiz_0/clk_wiz_0.xdc] for cell 'clk_wiz/inst'
Parsing XDC File [c:/Users/merli/ECE385Lab7.1/ECE385_Lab7.1/ECE385_Lab7.1.tmp/hdmi_text_controller_v1_0_project/hdmi_text_controller_v1_0_project.runs/synth_1/dont_touch.xdc]
Finished Parsing XDC File [c:/Users/merli/ECE385Lab7.1/ECE385_Lab7.1/ECE385_Lab7.1.tmp/hdmi_text_controller_v1_0_project/hdmi_text_controller_v1_0_project.runs/synth_1/dont_touch.xdc]
INFO: [Project 1-236] Implementation specific constraints were found while reading constraint file [c:/Users/merli/ECE385Lab7.1/ECE385_Lab7.1/ECE385_Lab7.1.tmp/hdmi_text_controller_v1_0_project/hdmi_text_controller_v1_0_project.runs/synth_1/dont_touch.xdc]. These constraints will be ignored for synthesis but will be used in implementation. Impacted constraints are listed in the file [.Xil/hdmi_text_controller_v1_0_propImpl.xdc].
Resolution: To avoid this warning, move constraints listed in [.Xil/hdmi_text_controller_v1_0_propImpl.xdc] to another XDC file and exclude this new file from synthesis with the used_in_synthesis property (File Properties dialog in GUI) and re-run elaboration/synthesis.
Parsing XDC File [c:/users/merli/ece385lab7.1/ece385_lab7.1/ece385_lab7.1.tmp/hdmi_text_controller_v1_0_project/hdmi_text_controller_v1_0_project.gen/sources_1/ip/clk_wiz_0/clk_wiz_0_late.xdc] for cell 'clk_wiz/inst'
Finished Parsing XDC File [c:/users/merli/ece385lab7.1/ece385_lab7.1/ece385_lab7.1.tmp/hdmi_text_controller_v1_0_project/hdmi_text_controller_v1_0_project.gen/sources_1/ip/clk_wiz_0/clk_wiz_0_late.xdc] for cell 'clk_wiz/inst'
Completed Processing XDC Constraints

Netlist sorting complete. Time (s): cpu = 00:00:00 ; elapsed = 00:00:00 . Memory (MB): peak = 1520.625 ; gain = 0.000
INFO: [Project 1-111] Unisim Transformation Summary:
No Unisim elements were transformed.

Constraint Validation Runtime : Time (s): cpu = 00:00:00 ; elapsed = 00:00:00.018 . Memory (MB): peak = 1520.625 ; gain = 0.000
INFO: [Synth 8-11241] undeclared symbol 'REGCCE', assumed default net type 'wire' [C:/Xilinx/Vivado/2022.2/data/verilog/src/unimacro/BRAM_SINGLE_MACRO.v:2170]
---------------------------------------------------------------------------------
Finished Constraint Validation : Time (s): cpu = 00:00:37 ; elapsed = 00:00:38 . Memory (MB): peak = 1520.625 ; gain = 739.527
---------------------------------------------------------------------------------
---------------------------------------------------------------------------------
Start Loading Part and Timing Information
---------------------------------------------------------------------------------
Loading part: xc7s50csga324-1
---------------------------------------------------------------------------------
Finished Loading Part and Timing Information : Time (s): cpu = 00:00:37 ; elapsed = 00:00:38 . Memory (MB): peak = 1520.625 ; gain = 739.527
---------------------------------------------------------------------------------
---------------------------------------------------------------------------------
Start Applying 'set_property' XDC Constraints
---------------------------------------------------------------------------------
Applied set_property KEEP_HIERARCHY = SOFT for clk_wiz/inst. (constraint file  c:/Users/merli/ECE385Lab7.1/ECE385_Lab7.1/ECE385_Lab7.1.tmp/hdmi_text_controller_v1_0_project/hdmi_text_controller_v1_0_project.runs/synth_1/dont_touch.xdc, line 16).
Applied set_property KEEP_HIERARCHY = SOFT for mem/bram. (constraint file  auto generated constraint).
Applied set_property KEEP_HIERARCHY = SOFT for vga_to_hdmi. (constraint file  auto generated constraint).
Applied set_property KEEP_HIERARCHY = SOFT for clk_wiz. (constraint file  auto generated constraint).
---------------------------------------------------------------------------------
Finished applying 'set_property' XDC Constraints : Time (s): cpu = 00:00:37 ; elapsed = 00:00:38 . Memory (MB): peak = 1520.625 ; gain = 739.527
---------------------------------------------------------------------------------
WARNING: [Synth 8-327] inferring latch for variable 'douta_reg' [c:/Users/merli/ECE385Lab7.1/ip_repo/hdmi_text_controller_1_0/src/mem_block.sv:62]
WARNING: [Synth 8-327] inferring latch for variable 'doutb_reg' [c:/Users/merli/ECE385Lab7.1/ip_repo/hdmi_text_controller_1_0/src/mem_block.sv:74]
WARNING: [Synth 8-327] inferring latch for variable 'data_i_reg' [c:/Users/merli/ECE385Lab7.1/ip_repo/hdmi_text_controller_1_0/src/mem_block.sv:52]
WARNING: [Synth 8-327] inferring latch for variable 'wea_bram_reg' [c:/Users/merli/ECE385Lab7.1/ip_repo/hdmi_text_controller_1_0/src/mem_block.sv:56]
WARNING: [Synth 8-327] inferring latch for variable 'addra_bram_reg' [c:/Users/merli/ECE385Lab7.1/ip_repo/hdmi_text_controller_1_0/src/mem_block.sv:57]
WARNING: [Synth 8-327] inferring latch for variable 'dina_bram_reg' [c:/Users/merli/ECE385Lab7.1/ip_repo/hdmi_text_controller_1_0/src/mem_block.sv:58]
WARNING: [Synth 8-327] inferring latch for variable 'addrb_bram_reg' [c:/Users/merli/ECE385Lab7.1/ip_repo/hdmi_text_controller_1_0/src/mem_block.sv:78]
---------------------------------------------------------------------------------
Finished RTL Optimization Phase 2 : Time (s): cpu = 00:00:38 ; elapsed = 00:00:39 . Memory (MB): peak = 1520.625 ; gain = 739.527
---------------------------------------------------------------------------------
---------------------------------------------------------------------------------
Start RTL Component Statistics 
---------------------------------------------------------------------------------
Detailed RTL Component Info : 
+---Adders : 
	   2 Input   11 Bit       Adders := 2     
	   2 Input   10 Bit       Adders := 2     
	   5 Input    5 Bit       Adders := 6     
	   4 Input    5 Bit       Adders := 3     
	   8 Input    4 Bit       Adders := 6     
	   2 Input    4 Bit       Adders := 3     
+---XORs : 
	   2 Input      1 Bit         XORs := 43    
+---Registers : 
	               32 Bit    Registers := 3     
	               16 Bit    Registers := 2     
	               10 Bit    Registers := 5     
	                9 Bit    Registers := 3     
	                8 Bit    Registers := 3     
	                5 Bit    Registers := 3     
	                4 Bit    Registers := 15    
	                2 Bit    Registers := 2     
	                1 Bit    Registers := 41    
+---Muxes : 
	   2 Input   32 Bit        Muxes := 2     
	   2 Input   11 Bit        Muxes := 1     
	   2 Input   10 Bit        Muxes := 6     
	  22 Input   10 Bit        Muxes := 1     
	   4 Input   10 Bit        Muxes := 2     
	   2 Input    8 Bit        Muxes := 3     
	   4 Input    8 Bit        Muxes := 1     
	   2 Input    5 Bit        Muxes := 12    
	   2 Input    4 Bit        Muxes := 6     
	   2 Input    1 Bit        Muxes := 29    
---------------------------------------------------------------------------------
Finished RTL Component Statistics 
---------------------------------------------------------------------------------
---------------------------------------------------------------------------------
Start Part Resource Summary
---------------------------------------------------------------------------------
Part Resources:
DSPs: 120 (col length:60)
BRAMs: 150 (col length: RAMB18 60 RAMB36 30)
---------------------------------------------------------------------------------
Finished Part Resource Summary
---------------------------------------------------------------------------------
---------------------------------------------------------------------------------
Start Cross Boundary and Area Optimization
---------------------------------------------------------------------------------
WARNING: [Synth 8-7080] Parallel synthesis criteria is not met
WARNING: [Synth 8-3332] Sequential element (mem/douta_reg[31]) is unused and will be removed from module hdmi_text_controller_v1_0.
WARNING: [Synth 8-3332] Sequential element (mem/douta_reg[30]) is unused and will be removed from module hdmi_text_controller_v1_0.
WARNING: [Synth 8-3332] Sequential element (mem/douta_reg[29]) is unused and will be removed from module hdmi_text_controller_v1_0.
WARNING: [Synth 8-3332] Sequential element (mem/douta_reg[28]) is unused and will be removed from module hdmi_text_controller_v1_0.
WARNING: [Synth 8-3332] Sequential element (mem/douta_reg[27]) is unused and will be removed from module hdmi_text_controller_v1_0.
WARNING: [Synth 8-3332] Sequential element (mem/douta_reg[26]) is unused and will be removed from module hdmi_text_controller_v1_0.
WARNING: [Synth 8-3332] Sequential element (mem/douta_reg[25]) is unused and will be removed from module hdmi_text_controller_v1_0.
WARNING: [Synth 8-3332] Sequential element (mem/douta_reg[24]) is unused and will be removed from module hdmi_text_controller_v1_0.
WARNING: [Synth 8-3332] Sequential element (mem/douta_reg[23]) is unused and will be removed from module hdmi_text_controller_v1_0.
WARNING: [Synth 8-3332] Sequential element (mem/douta_reg[22]) is unused and will be removed from module hdmi_text_controller_v1_0.
WARNING: [Synth 8-3332] Sequential element (mem/douta_reg[21]) is unused and will be removed from module hdmi_text_controller_v1_0.
WARNING: [Synth 8-3332] Sequential element (mem/douta_reg[20]) is unused and will be removed from module hdmi_text_controller_v1_0.
WARNING: [Synth 8-3332] Sequential element (mem/douta_reg[19]) is unused and will be removed from module hdmi_text_controller_v1_0.
WARNING: [Synth 8-3332] Sequential element (mem/douta_reg[18]) is unused and will be removed from module hdmi_text_controller_v1_0.
WARNING: [Synth 8-3332] Sequential element (mem/douta_reg[17]) is unused and will be removed from module hdmi_text_controller_v1_0.
WARNING: [Synth 8-3332] Sequential element (mem/douta_reg[16]) is unused and will be removed from module hdmi_text_controller_v1_0.
WARNING: [Synth 8-3332] Sequential element (mem/douta_reg[15]) is unused and will be removed from module hdmi_text_controller_v1_0.
WARNING: [Synth 8-3332] Sequential element (mem/douta_reg[14]) is unused and will be removed from module hdmi_text_controller_v1_0.
WARNING: [Synth 8-3332] Sequential element (mem/douta_reg[13]) is unused and will be removed from module hdmi_text_controller_v1_0.
WARNING: [Synth 8-3332] Sequential element (mem/douta_reg[12]) is unused and will be removed from module hdmi_text_controller_v1_0.
WARNING: [Synth 8-3332] Sequential element (mem/douta_reg[11]) is unused and will be removed from module hdmi_text_controller_v1_0.
WARNING: [Synth 8-3332] Sequential element (mem/douta_reg[10]) is unused and will be removed from module hdmi_text_controller_v1_0.
WARNING: [Synth 8-3332] Sequential element (mem/douta_reg[9]) is unused and will be removed from module hdmi_text_controller_v1_0.
WARNING: [Synth 8-3332] Sequential element (mem/douta_reg[8]) is unused and will be removed from module hdmi_text_controller_v1_0.
WARNING: [Synth 8-3332] Sequential element (mem/douta_reg[7]) is unused and will be removed from module hdmi_text_controller_v1_0.
WARNING: [Synth 8-3332] Sequential element (mem/douta_reg[6]) is unused and will be removed from module hdmi_text_controller_v1_0.
WARNING: [Synth 8-3332] Sequential element (mem/douta_reg[5]) is unused and will be removed from module hdmi_text_controller_v1_0.
WARNING: [Synth 8-3332] Sequential element (mem/douta_reg[4]) is unused and will be removed from module hdmi_text_controller_v1_0.
WARNING: [Synth 8-3332] Sequential element (mem/douta_reg[3]) is unused and will be removed from module hdmi_text_controller_v1_0.
WARNING: [Synth 8-3332] Sequential element (mem/douta_reg[2]) is unused and will be removed from module hdmi_text_controller_v1_0.
WARNING: [Synth 8-3332] Sequential element (mem/douta_reg[1]) is unused and will be removed from module hdmi_text_controller_v1_0.
WARNING: [Synth 8-3332] Sequential element (mem/douta_reg[0]) is unused and will be removed from module hdmi_text_controller_v1_0.
WARNING: [Synth 8-3332] Sequential element (mem/wea_bram_reg[3]) is unused and will be removed from module hdmi_text_controller_v1_0.
WARNING: [Synth 8-3332] Sequential element (mem/wea_bram_reg[2]) is unused and will be removed from module hdmi_text_controller_v1_0.
WARNING: [Synth 8-3332] Sequential element (mem/wea_bram_reg[1]) is unused and will be removed from module hdmi_text_controller_v1_0.
WARNING: [Synth 8-3332] Sequential element (mem/wea_bram_reg[0]) is unused and will be removed from module hdmi_text_controller_v1_0.
WARNING: [Synth 8-3332] Sequential element (mem/addra_bram_reg[10]) is unused and will be removed from module hdmi_text_controller_v1_0.
WARNING: [Synth 8-3332] Sequential element (mem/addra_bram_reg[9]) is unused and will be removed from module hdmi_text_controller_v1_0.
WARNING: [Synth 8-3332] Sequential element (mem/addra_bram_reg[8]) is unused and will be removed from module hdmi_text_controller_v1_0.
WARNING: [Synth 8-3332] Sequential element (mem/addra_bram_reg[7]) is unused and will be removed from module hdmi_text_controller_v1_0.
WARNING: [Synth 8-3332] Sequential element (mem/addra_bram_reg[6]) is unused and will be removed from module hdmi_text_controller_v1_0.
WARNING: [Synth 8-3332] Sequential element (mem/addra_bram_reg[5]) is unused and will be removed from module hdmi_text_controller_v1_0.
WARNING: [Synth 8-3332] Sequential element (mem/addra_bram_reg[4]) is unused and will be removed from module hdmi_text_controller_v1_0.
WARNING: [Synth 8-3332] Sequential element (mem/addra_bram_reg[3]) is unused and will be removed from module hdmi_text_controller_v1_0.
WARNING: [Synth 8-3332] Sequential element (mem/addra_bram_reg[2]) is unused and will be removed from module hdmi_text_controller_v1_0.
WARNING: [Synth 8-3332] Sequential element (mem/addra_bram_reg[1]) is unused and will be removed from module hdmi_text_controller_v1_0.
WARNING: [Synth 8-3332] Sequential element (mem/addra_bram_reg[0]) is unused and will be removed from module hdmi_text_controller_v1_0.
WARNING: [Synth 8-3332] Sequential element (mem/dina_bram_reg[31]) is unused and will be removed from module hdmi_text_controller_v1_0.
WARNING: [Synth 8-3332] Sequential element (mem/dina_bram_reg[30]) is unused and will be removed from module hdmi_text_controller_v1_0.
WARNING: [Synth 8-3332] Sequential element (mem/dina_bram_reg[29]) is unused and will be removed from module hdmi_text_controller_v1_0.
WARNING: [Synth 8-3332] Sequential element (mem/dina_bram_reg[28]) is unused and will be removed from module hdmi_text_controller_v1_0.
WARNING: [Synth 8-3332] Sequential element (mem/dina_bram_reg[27]) is unused and will be removed from module hdmi_text_controller_v1_0.
WARNING: [Synth 8-3332] Sequential element (mem/dina_bram_reg[26]) is unused and will be removed from module hdmi_text_controller_v1_0.
WARNING: [Synth 8-3332] Sequential element (mem/dina_bram_reg[25]) is unused and will be removed from module hdmi_text_controller_v1_0.
WARNING: [Synth 8-3332] Sequential element (mem/dina_bram_reg[24]) is unused and will be removed from module hdmi_text_controller_v1_0.
WARNING: [Synth 8-3332] Sequential element (mem/dina_bram_reg[23]) is unused and will be removed from module hdmi_text_controller_v1_0.
WARNING: [Synth 8-3332] Sequential element (mem/dina_bram_reg[22]) is unused and will be removed from module hdmi_text_controller_v1_0.
WARNING: [Synth 8-3332] Sequential element (mem/dina_bram_reg[21]) is unused and will be removed from module hdmi_text_controller_v1_0.
WARNING: [Synth 8-3332] Sequential element (mem/dina_bram_reg[20]) is unused and will be removed from module hdmi_text_controller_v1_0.
WARNING: [Synth 8-3332] Sequential element (mem/dina_bram_reg[19]) is unused and will be removed from module hdmi_text_controller_v1_0.
WARNING: [Synth 8-3332] Sequential element (mem/dina_bram_reg[18]) is unused and will be removed from module hdmi_text_controller_v1_0.
WARNING: [Synth 8-3332] Sequential element (mem/dina_bram_reg[17]) is unused and will be removed from module hdmi_text_controller_v1_0.
WARNING: [Synth 8-3332] Sequential element (mem/dina_bram_reg[16]) is unused and will be removed from module hdmi_text_controller_v1_0.
WARNING: [Synth 8-3332] Sequential element (mem/dina_bram_reg[15]) is unused and will be removed from module hdmi_text_controller_v1_0.
WARNING: [Synth 8-3332] Sequential element (mem/dina_bram_reg[14]) is unused and will be removed from module hdmi_text_controller_v1_0.
WARNING: [Synth 8-3332] Sequential element (mem/dina_bram_reg[13]) is unused and will be removed from module hdmi_text_controller_v1_0.
WARNING: [Synth 8-3332] Sequential element (mem/dina_bram_reg[12]) is unused and will be removed from module hdmi_text_controller_v1_0.
WARNING: [Synth 8-3332] Sequential element (mem/dina_bram_reg[11]) is unused and will be removed from module hdmi_text_controller_v1_0.
WARNING: [Synth 8-3332] Sequential element (mem/dina_bram_reg[10]) is unused and will be removed from module hdmi_text_controller_v1_0.
WARNING: [Synth 8-3332] Sequential element (mem/dina_bram_reg[9]) is unused and will be removed from module hdmi_text_controller_v1_0.
WARNING: [Synth 8-3332] Sequential element (mem/dina_bram_reg[8]) is unused and will be removed from module hdmi_text_controller_v1_0.
WARNING: [Synth 8-3332] Sequential element (mem/dina_bram_reg[7]) is unused and will be removed from module hdmi_text_controller_v1_0.
WARNING: [Synth 8-3332] Sequential element (mem/dina_bram_reg[6]) is unused and will be removed from module hdmi_text_controller_v1_0.
WARNING: [Synth 8-3332] Sequential element (mem/dina_bram_reg[5]) is unused and will be removed from module hdmi_text_controller_v1_0.
WARNING: [Synth 8-3332] Sequential element (mem/dina_bram_reg[4]) is unused and will be removed from module hdmi_text_controller_v1_0.
WARNING: [Synth 8-3332] Sequential element (mem/dina_bram_reg[3]) is unused and will be removed from module hdmi_text_controller_v1_0.
WARNING: [Synth 8-3332] Sequential element (mem/dina_bram_reg[2]) is unused and will be removed from module hdmi_text_controller_v1_0.
WARNING: [Synth 8-3332] Sequential element (mem/dina_bram_reg[1]) is unused and will be removed from module hdmi_text_controller_v1_0.
WARNING: [Synth 8-3332] Sequential element (mem/dina_bram_reg[0]) is unused and will be removed from module hdmi_text_controller_v1_0.
WARNING: [Synth 8-3332] Sequential element (mem/addrb_bram_reg[10]) is unused and will be removed from module hdmi_text_controller_v1_0.
WARNING: [Synth 8-3332] Sequential element (mem/addrb_bram_reg[9]) is unused and will be removed from module hdmi_text_controller_v1_0.
WARNING: [Synth 8-3332] Sequential element (mem/addrb_bram_reg[8]) is unused and will be removed from module hdmi_text_controller_v1_0.
WARNING: [Synth 8-3332] Sequential element (mem/addrb_bram_reg[7]) is unused and will be removed from module hdmi_text_controller_v1_0.
WARNING: [Synth 8-3332] Sequential element (mem/addrb_bram_reg[6]) is unused and will be removed from module hdmi_text_controller_v1_0.
WARNING: [Synth 8-3332] Sequential element (mem/addrb_bram_reg[5]) is unused and will be removed from module hdmi_text_controller_v1_0.
WARNING: [Synth 8-3332] Sequential element (mem/addrb_bram_reg[4]) is unused and will be removed from module hdmi_text_controller_v1_0.
WARNING: [Synth 8-3332] Sequential element (mem/addrb_bram_reg[3]) is unused and will be removed from module hdmi_text_controller_v1_0.
WARNING: [Synth 8-3332] Sequential element (mem/addrb_bram_reg[2]) is unused and will be removed from module hdmi_text_controller_v1_0.
WARNING: [Synth 8-3332] Sequential element (mem/addrb_bram_reg[1]) is unused and will be removed from module hdmi_text_controller_v1_0.
WARNING: [Synth 8-3332] Sequential element (mem/addrb_bram_reg[0]) is unused and will be removed from module hdmi_text_controller_v1_0.
WARNING: [Synth 8-3332] Sequential element (mem/doutb_reg[31]) is unused and will be removed from module hdmi_text_controller_v1_0.
WARNING: [Synth 8-3332] Sequential element (mem/doutb_reg[30]) is unused and will be removed from module hdmi_text_controller_v1_0.
WARNING: [Synth 8-3332] Sequential element (mem/doutb_reg[29]) is unused and will be removed from module hdmi_text_controller_v1_0.
WARNING: [Synth 8-3332] Sequential element (mem/doutb_reg[28]) is unused and will be removed from module hdmi_text_controller_v1_0.
WARNING: [Synth 8-3332] Sequential element (mem/doutb_reg[27]) is unused and will be removed from module hdmi_text_controller_v1_0.
WARNING: [Synth 8-3332] Sequential element (mem/doutb_reg[26]) is unused and will be removed from module hdmi_text_controller_v1_0.
WARNING: [Synth 8-3332] Sequential element (mem/doutb_reg[25]) is unused and will be removed from module hdmi_text_controller_v1_0.
WARNING: [Synth 8-3332] Sequential element (mem/doutb_reg[24]) is unused and will be removed from module hdmi_text_controller_v1_0.
WARNING: [Synth 8-3332] Sequential element (mem/doutb_reg[23]) is unused and will be removed from module hdmi_text_controller_v1_0.
WARNING: [Synth 8-3332] Sequential element (mem/doutb_reg[22]) is unused and will be removed from module hdmi_text_controller_v1_0.
INFO: [Common 17-14] Message 'Synth 8-3332' appears 100 times and further instances of the messages will be disabled. Use the Tcl command set_msg_config to change the current settings.
---------------------------------------------------------------------------------
Finished Cross Boundary and Area Optimization : Time (s): cpu = 00:00:54 ; elapsed = 00:00:55 . Memory (MB): peak = 1520.625 ; gain = 739.527
---------------------------------------------------------------------------------
---------------------------------------------------------------------------------
Start ROM, RAM, DSP, Shift Register and Retiming Reporting
---------------------------------------------------------------------------------

ROM: Preliminary Mapping Report
+--------------------------+----------------------+---------------+----------------+
|Module Name               | RTL Object           | Depth x Width | Implemented As | 
+--------------------------+----------------------+---------------+----------------+
|font_rom                  | ROM                  | 2048x8        | LUT            | 
|hdmi_text_controller_v1_0 | color_mapper/rom/ROM | 2048x8        | LUT            | 
+--------------------------+----------------------+---------------+----------------+

---------------------------------------------------------------------------------
Finished ROM, RAM, DSP, Shift Register and Retiming Reporting
---------------------------------------------------------------------------------
---------------------------------------------------------------------------------
Start Applying XDC Timing Constraints
---------------------------------------------------------------------------------
---------------------------------------------------------------------------------
Finished Applying XDC Timing Constraints : Time (s): cpu = 00:00:59 ; elapsed = 00:01:01 . Memory (MB): peak = 1520.625 ; gain = 739.527
---------------------------------------------------------------------------------
---------------------------------------------------------------------------------
Start Timing Optimization
---------------------------------------------------------------------------------
---------------------------------------------------------------------------------
Finished Timing Optimization : Time (s): cpu = 00:01:00 ; elapsed = 00:01:01 . Memory (MB): peak = 1520.625 ; gain = 739.527
---------------------------------------------------------------------------------
---------------------------------------------------------------------------------
Start Technology Mapping
---------------------------------------------------------------------------------
---------------------------------------------------------------------------------
Finished Technology Mapping : Time (s): cpu = 00:01:00 ; elapsed = 00:01:02 . Memory (MB): peak = 1520.625 ; gain = 739.527
---------------------------------------------------------------------------------
---------------------------------------------------------------------------------
Start IO Insertion
---------------------------------------------------------------------------------
---------------------------------------------------------------------------------
Start Flattening Before IO Insertion
---------------------------------------------------------------------------------
---------------------------------------------------------------------------------
Finished Flattening Before IO Insertion
---------------------------------------------------------------------------------
---------------------------------------------------------------------------------
Start Final Netlist Cleanup
---------------------------------------------------------------------------------
---------------------------------------------------------------------------------
Finished Final Netlist Cleanup
---------------------------------------------------------------------------------
---------------------------------------------------------------------------------
Finished IO Insertion : Time (s): cpu = 00:01:06 ; elapsed = 00:01:07 . Memory (MB): peak = 1520.625 ; gain = 739.527
---------------------------------------------------------------------------------
---------------------------------------------------------------------------------
Start Renaming Generated Instances
---------------------------------------------------------------------------------
---------------------------------------------------------------------------------
Finished Renaming Generated Instances : Time (s): cpu = 00:01:06 ; elapsed = 00:01:07 . Memory (MB): peak = 1520.625 ; gain = 739.527
---------------------------------------------------------------------------------
---------------------------------------------------------------------------------
Start Rebuilding User Hierarchy
---------------------------------------------------------------------------------
---------------------------------------------------------------------------------
Finished Rebuilding User Hierarchy : Time (s): cpu = 00:01:06 ; elapsed = 00:01:07 . Memory (MB): peak = 1520.625 ; gain = 739.527
---------------------------------------------------------------------------------
---------------------------------------------------------------------------------
Start Renaming Generated Ports
---------------------------------------------------------------------------------
---------------------------------------------------------------------------------
Finished Renaming Generated Ports : Time (s): cpu = 00:01:06 ; elapsed = 00:01:07 . Memory (MB): peak = 1520.625 ; gain = 739.527
---------------------------------------------------------------------------------
---------------------------------------------------------------------------------
Start Handling Custom Attributes
---------------------------------------------------------------------------------
---------------------------------------------------------------------------------
Finished Handling Custom Attributes : Time (s): cpu = 00:01:06 ; elapsed = 00:01:07 . Memory (MB): peak = 1520.625 ; gain = 739.527
---------------------------------------------------------------------------------
---------------------------------------------------------------------------------
Start Renaming Generated Nets
---------------------------------------------------------------------------------
---------------------------------------------------------------------------------
Finished Renaming Generated Nets : Time (s): cpu = 00:01:06 ; elapsed = 00:01:07 . Memory (MB): peak = 1520.625 ; gain = 739.527
---------------------------------------------------------------------------------
---------------------------------------------------------------------------------
Start ROM, RAM, DSP, Shift Register and Retiming Reporting
---------------------------------------------------------------------------------

Static Shift Register Report:
+------------+----------------------+--------+-------+--------------+--------------------+-------------------+--------+---------+
|Module Name | RTL Name             | Length | Width | Reset Signal | Pull out first Reg | Pull out last Reg | SRL16E | SRLC32E | 
+------------+----------------------+--------+-------+--------------+--------------------+-------------------+--------+---------+
|hdmi_tx_0   | inst/encg/c0_reg_reg | 3      | 1     | NO           | NO                 | YES               | 1      | 0       | 
+------------+----------------------+--------+-------+--------------+--------------------+-------------------+--------+---------+

---------------------------------------------------------------------------------
Finished ROM, RAM, DSP, Shift Register and Retiming Reporting
---------------------------------------------------------------------------------
---------------------------------------------------------------------------------
Start Writing Synthesis Report
---------------------------------------------------------------------------------

Report BlackBoxes: 
+-+--------------+----------+
| |BlackBox name |Instances |
+-+--------------+----------+
+-+--------------+----------+

Report Cell Usage: 
+------+-----------+------+
|      |Cell       |Count |
+------+-----------+------+
|1     |BUFG       |     5|
|2     |CARRY4     |     3|
|3     |LUT1       |     3|
|4     |LUT2       |    21|
|5     |LUT3       |    45|
|6     |LUT4       |    43|
|7     |LUT5       |   115|
|8     |LUT6       |   452|
|9     |MMCME2_ADV |     1|
|10    |MUXF7      |    78|
|11    |MUXF8      |     6|
|12    |OSERDESE2  |     8|
|14    |SRL16E     |    39|
|15    |FDCE       |    69|
|16    |FDRE       |   224|
|17    |FDSE       |     1|
|18    |LD         |    32|
|19    |IBUF       |    54|
|20    |OBUF       |    41|
|21    |OBUFDS     |     4|
+------+-----------+------+
---------------------------------------------------------------------------------
Finished Writing Synthesis Report : Time (s): cpu = 00:01:06 ; elapsed = 00:01:07 . Memory (MB): peak = 1520.625 ; gain = 739.527
---------------------------------------------------------------------------------
Synthesis finished with 0 errors, 0 critical warnings and 288 warnings.
Synthesis Optimization Runtime : Time (s): cpu = 00:00:36 ; elapsed = 00:01:05 . Memory (MB): peak = 1520.625 ; gain = 739.527
Synthesis Optimization Complete : Time (s): cpu = 00:01:06 ; elapsed = 00:01:07 . Memory (MB): peak = 1520.625 ; gain = 739.527
INFO: [Project 1-571] Translating synthesized netlist
Netlist sorting complete. Time (s): cpu = 00:00:00 ; elapsed = 00:00:00.018 . Memory (MB): peak = 1520.625 ; gain = 0.000
INFO: [Netlist 29-17] Analyzing 124 Unisim elements for replacement
INFO: [Netlist 29-28] Unisim Transformation completed in 0 CPU seconds
INFO: [Project 1-570] Preparing netlist for logic optimization
INFO: [Opt 31-138] Pushed 0 inverter(s) to 0 load pin(s).
Netlist sorting complete. Time (s): cpu = 00:00:00 ; elapsed = 00:00:00 . Memory (MB): peak = 1520.625 ; gain = 0.000
INFO: [Project 1-111] Unisim Transformation Summary:
  A total of 32 instances were transformed.
  LD => LDCE: 32 instances

Synth Design complete, checksum: 481f9f4e
INFO: [Common 17-83] Releasing license: Synthesis
74 Infos, 233 Warnings, 0 Critical Warnings and 0 Errors encountered.
synth_design completed successfully
synth_design: Time (s): cpu = 00:01:10 ; elapsed = 00:01:13 . Memory (MB): peak = 1520.625 ; gain = 1117.020
INFO: [Common 17-1381] The checkpoint 'c:/Users/merli/ECE385Lab7.1/ECE385_Lab7.1/ECE385_Lab7.1.tmp/hdmi_text_controller_v1_0_project/hdmi_text_controller_v1_0_project.runs/synth_1/hdmi_text_controller_v1_0.dcp' has been generated.
INFO: [runtcl-4] Executing : report_utilization -file hdmi_text_controller_v1_0_utilization_synth.rpt -pb hdmi_text_controller_v1_0_utilization_synth.pb
INFO: [Common 17-206] Exiting Vivado at Thu Apr  4 02:24:00 2024...
