20:34:59 DEBUG : Logs will be stored at 'C:/Users/merli/ECE385Lab7.1/ECE385_Lab7.1/IDE.log'.
20:35:02 INFO  : Launching XSCT server: xsct.bat -n  -interactive C:\Users\merli\ECE385Lab7.1\ECE385_Lab7.1\temp_xsdb_launch_script.tcl
20:35:02 INFO  : Platform repository initialization has completed.
20:35:02 INFO  : Registering command handlers for Vitis TCF services
20:35:05 INFO  : XSCT server has started successfully.
20:35:05 INFO  : plnx-install-location is set to ''
20:35:05 INFO  : Successfully done setting XSCT server connection channel  
20:35:05 INFO  : Successfully done query RDI_DATADIR 
20:35:05 INFO  : Successfully done setting workspace for the tool. 
20:38:24 ERROR : (XSDB Server)ERROR: [Hsi 55-1562] Source directory C:/Users/merli/ECE385Lab7.1/ECE385_Lab7.1/mb_usb_hdmi_top/hw/drivers\hdmi_text_controller_v1_0/src does not exist or is not a directory.

20:38:25 INFO  : Result from executing command 'getProjects': mb_usb_hdmi_top
20:38:25 INFO  : Result from executing command 'getPlatforms': 
20:38:25 WARN  : An unexpected exception occurred in the module 'platform project logging'
20:38:26 INFO  : Platform 'mb_usb_hdmi_top' is added to custom repositories.
20:38:27 INFO  : Platform 'mb_usb_hdmi_top' is added to custom repositories.
20:43:01 INFO  : Result from executing command 'getProjects': mb_usb_hdmi_top
20:43:01 INFO  : Result from executing command 'getPlatforms': mb_usb_hdmi_top|C:/Users/merli/ECE385Lab7.1/ECE385_Lab7.1/mb_usb_hdmi_top/export/mb_usb_hdmi_top/mb_usb_hdmi_top.xpfm
20:43:01 INFO  : Checking for BSP changes to sync application flags for project 'mb_hdmi_text_controller'...
20:45:10 INFO  : Connected to target on host '127.0.0.1' and port '3121'.
20:45:11 INFO  : Jtag cable 'RealDigital Boo 887429230015A' is selected.
20:45:11 INFO  : 'jtag frequency' command is executed.
20:45:11 INFO  : 'targets -set -filter {jtag_cable_name =~ "RealDigital Boo 887429230015A" && level==0 && jtag_device_ctx=="jsn1-0362f093-0"}' command is executed.
20:45:12 INFO  : Device configured successfully with "C:/Users/merli/ECE385Lab7.1/ECE385_Lab7.1/mb_hdmi_text_controller/_ide/bitstream/mb_usb_hdmi_top.bit"
20:45:12 INFO  : Context for processor 'microblaze_0' is selected.
20:45:12 INFO  : Hardware design and registers information is loaded from 'C:/Users/merli/ECE385Lab7.1/ECE385_Lab7.1/mb_usb_hdmi_top/export/mb_usb_hdmi_top/hw/mb_usb_hdmi_top.xsa'.
20:45:12 INFO  : 'configparams mdm-detect-bscan-mask 2' command is executed.
20:45:12 INFO  : Context for processor 'microblaze_0' is selected.
20:45:12 INFO  : System reset is completed.
20:45:15 INFO  : 'after 3000' command is executed.
20:45:16 INFO  : Context for processor 'microblaze_0' is selected.
20:45:16 INFO  : The application 'C:/Users/merli/ECE385Lab7.1/ECE385_Lab7.1/mb_hdmi_text_controller/Debug/mb_hdmi_text_controller.elf' is downloaded to processor 'microblaze_0'.
20:45:16 INFO  : ----------------XSDB Script----------------
connect -url tcp:127.0.0.1:3121
targets -set -filter {jtag_cable_name =~ "RealDigital Boo 887429230015A" && level==0 && jtag_device_ctx=="jsn1-0362f093-0"}
fpga -file C:/Users/merli/ECE385Lab7.1/ECE385_Lab7.1/mb_hdmi_text_controller/_ide/bitstream/mb_usb_hdmi_top.bit
targets -set -nocase -filter {name =~ "*microblaze*#0" && bscan=="USER2" }
loadhw -hw C:/Users/merli/ECE385Lab7.1/ECE385_Lab7.1/mb_usb_hdmi_top/export/mb_usb_hdmi_top/hw/mb_usb_hdmi_top.xsa -regs
configparams mdm-detect-bscan-mask 2
targets -set -nocase -filter {name =~ "*microblaze*#0" && bscan=="USER2" }
rst -system
after 3000
targets -set -nocase -filter {name =~ "*microblaze*#0" && bscan=="USER2" }
dow C:/Users/merli/ECE385Lab7.1/ECE385_Lab7.1/mb_hdmi_text_controller/Debug/mb_hdmi_text_controller.elf
----------------End of Script----------------

20:45:16 INFO  : Context for processor 'microblaze_0' is selected.
20:45:16 INFO  : 'con' command is executed.
20:45:16 INFO  : ----------------XSDB Script (After Launch)----------------
targets -set -nocase -filter {name =~ "*microblaze*#0" && bscan=="USER2" }
con
----------------End of Script----------------

20:45:16 INFO  : Launch script is exported to file 'C:\Users\merli\ECE385Lab7.1\ECE385_Lab7.1\mb_hdmi_text_controller_system\_ide\scripts\debugger_mb_hdmi_text_controller-default.tcl'
20:46:10 INFO  : Checking for BSP changes to sync application flags for project 'mb_hdmi_text_controller'...
20:46:17 INFO  : Disconnected from the channel tcfchan#2.
20:46:18 INFO  : Connected to target on host '127.0.0.1' and port '3121'.
20:46:27 INFO  : ----------------XSDB Script----------------
connect -url tcp:127.0.0.1:3121
----------------End of Script----------------

20:46:27 ERROR : Could not find FPGA device on the board for connection 'Local'.


Troubleshooting hints:
1. Check whether board is connected to system properly.
2. In case of zynq board, check whether Digilent/Xilinx cable switch settings are correct.
3. If you are using Xilinx Platform Cable USB, ensure that status LED is green.
20:47:07 INFO  : Checking for BSP changes to sync application flags for project 'mb_hdmi_text_controller'...
20:47:10 INFO  : Connected to target on host '127.0.0.1' and port '3121'.
20:47:10 INFO  : Jtag cable 'RealDigital Boo 887429230015A' is selected.
20:47:11 INFO  : 'jtag frequency' command is executed.
20:47:11 INFO  : 'targets -set -filter {jtag_cable_name =~ "RealDigital Boo 887429230015A" && level==0 && jtag_device_ctx=="jsn1-0362f093-0"}' command is executed.
20:47:12 INFO  : Device configured successfully with "C:/Users/merli/ECE385Lab7.1/ECE385_Lab7.1/mb_hdmi_text_controller/_ide/bitstream/mb_usb_hdmi_top.bit"
20:47:12 INFO  : Context for processor 'microblaze_0' is selected.
20:47:12 INFO  : Hardware design and registers information is loaded from 'C:/Users/merli/ECE385Lab7.1/ECE385_Lab7.1/mb_usb_hdmi_top/export/mb_usb_hdmi_top/hw/mb_usb_hdmi_top.xsa'.
20:47:12 INFO  : 'configparams mdm-detect-bscan-mask 2' command is executed.
20:47:12 INFO  : Context for processor 'microblaze_0' is selected.
20:47:12 INFO  : System reset is completed.
20:47:15 INFO  : 'after 3000' command is executed.
20:47:15 INFO  : Context for processor 'microblaze_0' is selected.
20:47:15 INFO  : The application 'C:/Users/merli/ECE385Lab7.1/ECE385_Lab7.1/mb_hdmi_text_controller/Debug/mb_hdmi_text_controller.elf' is downloaded to processor 'microblaze_0'.
20:47:15 INFO  : ----------------XSDB Script----------------
connect -url tcp:127.0.0.1:3121
targets -set -filter {jtag_cable_name =~ "RealDigital Boo 887429230015A" && level==0 && jtag_device_ctx=="jsn1-0362f093-0"}
fpga -file C:/Users/merli/ECE385Lab7.1/ECE385_Lab7.1/mb_hdmi_text_controller/_ide/bitstream/mb_usb_hdmi_top.bit
targets -set -nocase -filter {name =~ "*microblaze*#0" && bscan=="USER2" }
loadhw -hw C:/Users/merli/ECE385Lab7.1/ECE385_Lab7.1/mb_usb_hdmi_top/export/mb_usb_hdmi_top/hw/mb_usb_hdmi_top.xsa -regs
configparams mdm-detect-bscan-mask 2
targets -set -nocase -filter {name =~ "*microblaze*#0" && bscan=="USER2" }
rst -system
after 3000
targets -set -nocase -filter {name =~ "*microblaze*#0" && bscan=="USER2" }
dow C:/Users/merli/ECE385Lab7.1/ECE385_Lab7.1/mb_hdmi_text_controller/Debug/mb_hdmi_text_controller.elf
----------------End of Script----------------

20:47:15 INFO  : Context for processor 'microblaze_0' is selected.
20:47:15 INFO  : 'con' command is executed.
20:47:15 INFO  : ----------------XSDB Script (After Launch)----------------
targets -set -nocase -filter {name =~ "*microblaze*#0" && bscan=="USER2" }
con
----------------End of Script----------------

20:47:15 INFO  : Launch script is exported to file 'C:\Users\merli\ECE385Lab7.1\ECE385_Lab7.1\mb_hdmi_text_controller_system\_ide\scripts\debugger_mb_hdmi_text_controller-default.tcl'
20:50:37 INFO  : Checking for BSP changes to sync application flags for project 'mb_hdmi_text_controller'...
20:50:45 INFO  : Disconnected from the channel tcfchan#3.
20:50:46 INFO  : Connected to target on host '127.0.0.1' and port '3121'.
20:50:55 INFO  : ----------------XSDB Script----------------
connect -url tcp:127.0.0.1:3121
----------------End of Script----------------

20:50:55 ERROR : Could not find FPGA device on the board for connection 'Local'.


Troubleshooting hints:
1. Check whether board is connected to system properly.
2. In case of zynq board, check whether Digilent/Xilinx cable switch settings are correct.
3. If you are using Xilinx Platform Cable USB, ensure that status LED is green.
20:51:05 INFO  : Checking for BSP changes to sync application flags for project 'mb_hdmi_text_controller'...
20:51:36 INFO  : Checking for BSP changes to sync application flags for project 'mb_hdmi_text_controller'...
20:51:39 INFO  : Connected to target on host '127.0.0.1' and port '3121'.
20:51:39 INFO  : Jtag cable 'RealDigital Boo 887429230015A' is selected.
20:51:39 INFO  : 'jtag frequency' command is executed.
20:51:39 INFO  : 'targets -set -filter {jtag_cable_name =~ "RealDigital Boo 887429230015A" && level==0 && jtag_device_ctx=="jsn1-0362f093-0"}' command is executed.
20:51:41 INFO  : Device configured successfully with "C:/Users/merli/ECE385Lab7.1/ECE385_Lab7.1/mb_hdmi_text_controller/_ide/bitstream/mb_usb_hdmi_top.bit"
20:51:41 INFO  : Context for processor 'microblaze_0' is selected.
20:51:41 INFO  : Hardware design and registers information is loaded from 'C:/Users/merli/ECE385Lab7.1/ECE385_Lab7.1/mb_usb_hdmi_top/export/mb_usb_hdmi_top/hw/mb_usb_hdmi_top.xsa'.
20:51:41 INFO  : 'configparams mdm-detect-bscan-mask 2' command is executed.
20:51:41 INFO  : Context for processor 'microblaze_0' is selected.
20:51:41 INFO  : System reset is completed.
20:51:44 INFO  : 'after 3000' command is executed.
20:51:44 INFO  : Context for processor 'microblaze_0' is selected.
20:51:44 INFO  : The application 'C:/Users/merli/ECE385Lab7.1/ECE385_Lab7.1/mb_hdmi_text_controller/Debug/mb_hdmi_text_controller.elf' is downloaded to processor 'microblaze_0'.
20:51:44 INFO  : ----------------XSDB Script----------------
connect -url tcp:127.0.0.1:3121
targets -set -filter {jtag_cable_name =~ "RealDigital Boo 887429230015A" && level==0 && jtag_device_ctx=="jsn1-0362f093-0"}
fpga -file C:/Users/merli/ECE385Lab7.1/ECE385_Lab7.1/mb_hdmi_text_controller/_ide/bitstream/mb_usb_hdmi_top.bit
targets -set -nocase -filter {name =~ "*microblaze*#0" && bscan=="USER2" }
loadhw -hw C:/Users/merli/ECE385Lab7.1/ECE385_Lab7.1/mb_usb_hdmi_top/export/mb_usb_hdmi_top/hw/mb_usb_hdmi_top.xsa -regs
configparams mdm-detect-bscan-mask 2
targets -set -nocase -filter {name =~ "*microblaze*#0" && bscan=="USER2" }
rst -system
after 3000
targets -set -nocase -filter {name =~ "*microblaze*#0" && bscan=="USER2" }
dow C:/Users/merli/ECE385Lab7.1/ECE385_Lab7.1/mb_hdmi_text_controller/Debug/mb_hdmi_text_controller.elf
----------------End of Script----------------

20:51:44 INFO  : Context for processor 'microblaze_0' is selected.
20:51:44 INFO  : 'con' command is executed.
20:51:44 INFO  : ----------------XSDB Script (After Launch)----------------
targets -set -nocase -filter {name =~ "*microblaze*#0" && bscan=="USER2" }
con
----------------End of Script----------------

20:51:44 INFO  : Launch script is exported to file 'C:\Users\merli\ECE385Lab7.1\ECE385_Lab7.1\mb_hdmi_text_controller_system\_ide\scripts\debugger_mb_hdmi_text_controller-default.tcl'
20:53:48 INFO  : Disconnected from the channel tcfchan#4.
