Copyright 1986-2022 Xilinx, Inc. All Rights Reserved.
------------------------------------------------------------------------------------
| Tool Version : Vivado v.2022.2 (win64) Build 3671981 Fri Oct 14 05:00:03 MDT 2022
| Date         : Fri Mar 29 01:10:52 2024
| Host         : DESKTOP-129R2SH running 64-bit major release  (build 9200)
| Command      : upgrade_ip
| Device       : xc7s50csga324-1
------------------------------------------------------------------------------------

Upgrade Log for IP 'Lab7MicroBlaze_hdmi_text_controller_1_0'

1. Summary
----------

SUCCESS in the upgrade of Lab7MicroBlaze_hdmi_text_controller_1_0 (xilinx.com:user:hdmi_text_controller:1.0) from (Rev. 5) to (Rev. 7)






Copyright 1986-2022 Xilinx, Inc. All Rights Reserved.
------------------------------------------------------------------------------------
| Tool Version : Vivado v.2022.2 (win64) Build 3671981 Fri Oct 14 05:00:03 MDT 2022
| Date         : Thu Mar 28 13:02:11 2024
| Host         : DESKTOP-129R2SH running 64-bit major release  (build 9200)
| Command      : upgrade_ip
| Device       : xc7s50csga324-1
------------------------------------------------------------------------------------

Upgrade Log for IP 'Lab7MicroBlaze_hdmi_text_controller_1_0'

1. Summary
----------

SUCCESS in the upgrade of Lab7MicroBlaze_hdmi_text_controller_1_0 (xilinx.com:user:hdmi_text_controller:1.0) from (Rev. 4) to (Rev. 5)






Copyright 1986-2022 Xilinx, Inc. All Rights Reserved.
------------------------------------------------------------------------------------
| Tool Version : Vivado v.2022.2 (win64) Build 3671981 Fri Oct 14 05:00:03 MDT 2022
| Date         : Thu Mar 28 12:44:02 2024
| Host         : DESKTOP-129R2SH running 64-bit major release  (build 9200)
| Command      : upgrade_ip
| Device       : xc7s50csga324-1
------------------------------------------------------------------------------------

Upgrade Log for IP 'Lab7MicroBlaze_hdmi_text_controller_1_0'

1. Summary
----------

SUCCESS in the conversion of Lab7MicroBlaze_hdmi_text_controller_1_0 (xilinx.com:user:hdmi_text_controller:1.0 (Rev. 4)) to Vivado generation flows.






Copyright 1986-2022 Xilinx, Inc. All Rights Reserved.
------------------------------------------------------------------------------------
| Tool Version : Vivado v.2022.2 (win64) Build 3671981 Fri Oct 14 05:00:03 MDT 2022
| Date         : Thu Mar 28 12:40:38 2024
| Host         : DESKTOP-129R2SH running 64-bit major release  (build 9200)
| Command      : upgrade_ip
| Device       : xc7s50csga324-1
------------------------------------------------------------------------------------

Upgrade Log for IP 'Lab7MicroBlaze_hdmi_text_controller_1_0'

1. Summary
----------

SUCCESS in the upgrade of Lab7MicroBlaze_hdmi_text_controller_1_0 (xilinx.com:user:hdmi_text_controller:1.0) from (Rev. 3) to (Rev. 4)






Copyright 1986-2022 Xilinx, Inc. All Rights Reserved.
------------------------------------------------------------------------------------
| Tool Version : Vivado v.2022.2 (win64) Build 3671981 Fri Oct 14 05:00:03 MDT 2022
| Date         : Thu Mar 28 12:33:08 2024
| Host         : DESKTOP-129R2SH running 64-bit major release  (build 9200)
| Command      : upgrade_ip
| Device       : xc7s50csga324-1
------------------------------------------------------------------------------------

Upgrade Log for IP 'Lab7MicroBlaze_hdmi_text_controller_1_0'

1. Summary
----------

SUCCESS in the conversion of Lab7MicroBlaze_hdmi_text_controller_1_0 (xilinx.com:user:hdmi_text_controller:1.0 (Rev. 3)) to Vivado generation flows.






Copyright 1986-2022 Xilinx, Inc. All Rights Reserved.
------------------------------------------------------------------------------------
| Tool Version : Vivado v.2022.2 (win64) Build 3671981 Fri Oct 14 05:00:03 MDT 2022
| Date         : Thu Mar 28 00:50:01 2024
| Host         : DESKTOP-129R2SH running 64-bit major release  (build 9200)
| Command      : upgrade_ip
| Device       : xc7s50csga324-1
------------------------------------------------------------------------------------

Upgrade Log for IP 'Lab7MicroBlaze_hdmi_text_controller_1_0'

1. Summary
----------

SUCCESS in the conversion of Lab7MicroBlaze_hdmi_text_controller_1_0 (xilinx.com:user:hdmi_text_controller:1.0 (Rev. 3)) to Vivado generation flows.

